{"C:\\Users\\gabot\\code\\week-04\\cse-341-project2\\app.js": {"path":"C:\\Users\\gabot\\code\\week-04\\cse-341-project2\\app.js","statementMap":{"0":{"start":{"line":2,"column":15},"end":{"line":2,"column":32}},"1":{"start":{"line":3,"column":0},"end":{"line":3,"column":16}},"2":{"start":{"line":5,"column":16},"end":{"line":5,"column":34}},"3":{"start":{"line":6,"column":19},"end":{"line":6,"column":41}},"4":{"start":{"line":7,"column":16},"end":{"line":7,"column":42}},"5":{"start":{"line":8,"column":21},"end":{"line":8,"column":57}},"6":{"start":{"line":10,"column":12},"end":{"line":10,"column":21}},"7":{"start":{"line":12,"column":0},"end":{"line":12,"column":27}},"8":{"start":{"line":13,"column":0},"end":{"line":21,"column":3}},"9":{"start":{"line":14,"column":4},"end":{"line":14,"column":54}},"10":{"start":{"line":15,"column":4},"end":{"line":18,"column":6}},"11":{"start":{"line":19,"column":4},"end":{"line":19,"column":85}},"12":{"start":{"line":20,"column":4},"end":{"line":20,"column":11}},"13":{"start":{"line":23,"column":0},"end":{"line":23,"column":34}},"14":{"start":{"line":24,"column":0},"end":{"line":24,"column":22}},"15":{"start":{"line":26,"column":0},"end":{"line":26,"column":21}}},"fnMap":{"0":{"name":"(anonymous_0)","decl":{"start":{"line":13,"column":8},"end":{"line":13,"column":9}},"loc":{"start":{"line":13,"column":28},"end":{"line":21,"column":1}},"line":13}},"branchMap":{},"s":{"0":5,"1":5,"2":5,"3":5,"4":5,"5":5,"6":5,"7":5,"8":5,"9":17,"10":17,"11":17,"12":17,"13":5,"14":5,"15":5},"f":{"0":17},"b":{},"_coverageSchema":"1a1c01bbd47fc00a2c39e90264f33305004495a9","hash":"f752b884a1cdcad57435f6f3711bf96af847f6e4"}
,"C:\\Users\\gabot\\code\\week-04\\cse-341-project2\\controllers\\clients.js": {"path":"C:\\Users\\gabot\\code\\week-04\\cse-341-project2\\controllers\\clients.js","statementMap":{"0":{"start":{"line":1,"column":16},"end":{"line":1,"column":43}},"1":{"start":{"line":2,"column":21},"end":{"line":2,"column":39}},"2":{"start":{"line":4,"column":22},"end":{"line":7,"column":1}},"3":{"start":{"line":5,"column":21},"end":{"line":5,"column":70}},"4":{"start":{"line":6,"column":2},"end":{"line":6,"column":32}},"5":{"start":{"line":9,"column":15},"end":{"line":18,"column":1}},"6":{"start":{"line":10,"column":2},"end":{"line":17,"column":3}},"7":{"start":{"line":11,"column":19},"end":{"line":11,"column":80}},"8":{"start":{"line":12,"column":20},"end":{"line":12,"column":42}},"9":{"start":{"line":13,"column":4},"end":{"line":13,"column":54}},"10":{"start":{"line":14,"column":4},"end":{"line":14,"column":34}},"11":{"start":{"line":16,"column":4},"end":{"line":16,"column":89}},"12":{"start":{"line":20,"column":18},"end":{"line":38,"column":1}},"13":{"start":{"line":21,"column":19},"end":{"line":21,"column":32}},"14":{"start":{"line":22,"column":2},"end":{"line":24,"column":3}},"15":{"start":{"line":23,"column":4},"end":{"line":23,"column":74}},"16":{"start":{"line":25,"column":2},"end":{"line":37,"column":3}},"17":{"start":{"line":26,"column":19},"end":{"line":28,"column":47}},"18":{"start":{"line":29,"column":4},"end":{"line":34,"column":5}},"19":{"start":{"line":30,"column":6},"end":{"line":30,"column":56}},"20":{"start":{"line":31,"column":6},"end":{"line":31,"column":35}},"21":{"start":{"line":33,"column":6},"end":{"line":33,"column":60}},"22":{"start":{"line":36,"column":4},"end":{"line":36,"column":92}},"23":{"start":{"line":40,"column":21},"end":{"line":59,"column":1}},"24":{"start":{"line":41,"column":35},"end":{"line":41,"column":43}},"25":{"start":{"line":42,"column":2},"end":{"line":44,"column":3}},"26":{"start":{"line":43,"column":4},"end":{"line":43,"column":98}},"27":{"start":{"line":45,"column":2},"end":{"line":47,"column":3}},"28":{"start":{"line":46,"column":4},"end":{"line":46,"column":70}},"29":{"start":{"line":48,"column":17},"end":{"line":48,"column":41}},"30":{"start":{"line":49,"column":2},"end":{"line":58,"column":3}},"31":{"start":{"line":50,"column":21},"end":{"line":50,"column":93}},"32":{"start":{"line":51,"column":4},"end":{"line":55,"column":5}},"33":{"start":{"line":52,"column":6},"end":{"line":52,"column":29}},"34":{"start":{"line":54,"column":6},"end":{"line":54,"column":85}},"35":{"start":{"line":57,"column":4},"end":{"line":57,"column":90}},"36":{"start":{"line":61,"column":21},"end":{"line":86,"column":1}},"37":{"start":{"line":62,"column":19},"end":{"line":62,"column":32}},"38":{"start":{"line":63,"column":2},"end":{"line":65,"column":3}},"39":{"start":{"line":64,"column":4},"end":{"line":64,"column":74}},"40":{"start":{"line":66,"column":46},"end":{"line":66,"column":54}},"41":{"start":{"line":67,"column":2},"end":{"line":69,"column":3}},"42":{"start":{"line":68,"column":4},"end":{"line":68,"column":98}},"43":{"start":{"line":70,"column":2},"end":{"line":72,"column":3}},"44":{"start":{"line":71,"column":4},"end":{"line":71,"column":70}},"45":{"start":{"line":73,"column":17},"end":{"line":73,"column":52}},"46":{"start":{"line":74,"column":2},"end":{"line":85,"column":3}},"47":{"start":{"line":75,"column":21},"end":{"line":77,"column":58}},"48":{"start":{"line":78,"column":4},"end":{"line":82,"column":5}},"49":{"start":{"line":79,"column":6},"end":{"line":79,"column":29}},"50":{"start":{"line":81,"column":6},"end":{"line":81,"column":82}},"51":{"start":{"line":84,"column":4},"end":{"line":84,"column":90}},"52":{"start":{"line":88,"column":21},"end":{"line":105,"column":1}},"53":{"start":{"line":89,"column":19},"end":{"line":89,"column":32}},"54":{"start":{"line":90,"column":2},"end":{"line":92,"column":3}},"55":{"start":{"line":91,"column":4},"end":{"line":91,"column":74}},"56":{"start":{"line":93,"column":2},"end":{"line":104,"column":3}},"57":{"start":{"line":94,"column":21},"end":{"line":96,"column":49}},"58":{"start":{"line":97,"column":4},"end":{"line":101,"column":5}},"59":{"start":{"line":98,"column":6},"end":{"line":98,"column":29}},"60":{"start":{"line":100,"column":6},"end":{"line":100,"column":61}},"61":{"start":{"line":103,"column":4},"end":{"line":103,"column":90}},"62":{"start":{"line":107,"column":0},"end":{"line":113,"column":2}}},"fnMap":{"0":{"name":"(anonymous_0)","decl":{"start":{"line":4,"column":22},"end":{"line":4,"column":23}},"loc":{"start":{"line":4,"column":33},"end":{"line":7,"column":1}},"line":4},"1":{"name":"(anonymous_1)","decl":{"start":{"line":9,"column":15},"end":{"line":9,"column":16}},"loc":{"start":{"line":9,"column":35},"end":{"line":18,"column":1}},"line":9},"2":{"name":"(anonymous_2)","decl":{"start":{"line":20,"column":18},"end":{"line":20,"column":19}},"loc":{"start":{"line":20,"column":38},"end":{"line":38,"column":1}},"line":20},"3":{"name":"(anonymous_3)","decl":{"start":{"line":40,"column":21},"end":{"line":40,"column":22}},"loc":{"start":{"line":40,"column":41},"end":{"line":59,"column":1}},"line":40},"4":{"name":"(anonymous_4)","decl":{"start":{"line":61,"column":21},"end":{"line":61,"column":22}},"loc":{"start":{"line":61,"column":41},"end":{"line":86,"column":1}},"line":61},"5":{"name":"(anonymous_5)","decl":{"start":{"line":88,"column":21},"end":{"line":88,"column":22}},"loc":{"start":{"line":88,"column":41},"end":{"line":105,"column":1}},"line":88}},"branchMap":{"0":{"loc":{"start":{"line":22,"column":2},"end":{"line":24,"column":3}},"type":"if","locations":[{"start":{"line":22,"column":2},"end":{"line":24,"column":3}},{"start":{},"end":{}}],"line":22},"1":{"loc":{"start":{"line":29,"column":4},"end":{"line":34,"column":5}},"type":"if","locations":[{"start":{"line":29,"column":4},"end":{"line":34,"column":5}},{"start":{"line":32,"column":11},"end":{"line":34,"column":5}}],"line":29},"2":{"loc":{"start":{"line":42,"column":2},"end":{"line":44,"column":3}},"type":"if","locations":[{"start":{"line":42,"column":2},"end":{"line":44,"column":3}},{"start":{},"end":{}}],"line":42},"3":{"loc":{"start":{"line":42,"column":6},"end":{"line":42,"column":33}},"type":"binary-expr","locations":[{"start":{"line":42,"column":6},"end":{"line":42,"column":11}},{"start":{"line":42,"column":15},"end":{"line":42,"column":21}},{"start":{"line":42,"column":25},"end":{"line":42,"column":33}}],"line":42},"4":{"loc":{"start":{"line":45,"column":2},"end":{"line":47,"column":3}},"type":"if","locations":[{"start":{"line":45,"column":2},"end":{"line":47,"column":3}},{"start":{},"end":{}}],"line":45},"5":{"loc":{"start":{"line":51,"column":4},"end":{"line":55,"column":5}},"type":"if","locations":[{"start":{"line":51,"column":4},"end":{"line":55,"column":5}},{"start":{"line":53,"column":11},"end":{"line":55,"column":5}}],"line":51},"6":{"loc":{"start":{"line":63,"column":2},"end":{"line":65,"column":3}},"type":"if","locations":[{"start":{"line":63,"column":2},"end":{"line":65,"column":3}},{"start":{},"end":{}}],"line":63},"7":{"loc":{"start":{"line":67,"column":2},"end":{"line":69,"column":3}},"type":"if","locations":[{"start":{"line":67,"column":2},"end":{"line":69,"column":3}},{"start":{},"end":{}}],"line":67},"8":{"loc":{"start":{"line":67,"column":6},"end":{"line":67,"column":33}},"type":"binary-expr","locations":[{"start":{"line":67,"column":6},"end":{"line":67,"column":11}},{"start":{"line":67,"column":15},"end":{"line":67,"column":21}},{"start":{"line":67,"column":25},"end":{"line":67,"column":33}}],"line":67},"9":{"loc":{"start":{"line":70,"column":2},"end":{"line":72,"column":3}},"type":"if","locations":[{"start":{"line":70,"column":2},"end":{"line":72,"column":3}},{"start":{},"end":{}}],"line":70},"10":{"loc":{"start":{"line":78,"column":4},"end":{"line":82,"column":5}},"type":"if","locations":[{"start":{"line":78,"column":4},"end":{"line":82,"column":5}},{"start":{"line":80,"column":11},"end":{"line":82,"column":5}}],"line":78},"11":{"loc":{"start":{"line":90,"column":2},"end":{"line":92,"column":3}},"type":"if","locations":[{"start":{"line":90,"column":2},"end":{"line":92,"column":3}},{"start":{},"end":{}}],"line":90},"12":{"loc":{"start":{"line":97,"column":4},"end":{"line":101,"column":5}},"type":"if","locations":[{"start":{"line":97,"column":4},"end":{"line":101,"column":5}},{"start":{"line":99,"column":11},"end":{"line":101,"column":5}}],"line":97}},"s":{"0":5,"1":5,"2":5,"3":0,"4":0,"5":5,"6":1,"7":1,"8":1,"9":1,"10":1,"11":0,"12":5,"13":1,"14":1,"15":0,"16":1,"17":1,"18":1,"19":1,"20":1,"21":0,"22":0,"23":5,"24":0,"25":0,"26":0,"27":0,"28":0,"29":0,"30":0,"31":0,"32":0,"33":0,"34":0,"35":0,"36":5,"37":0,"38":0,"39":0,"40":0,"41":0,"42":0,"43":0,"44":0,"45":0,"46":0,"47":0,"48":0,"49":0,"50":0,"51":0,"52":5,"53":0,"54":0,"55":0,"56":0,"57":0,"58":0,"59":0,"60":0,"61":0,"62":5},"f":{"0":0,"1":1,"2":1,"3":0,"4":0,"5":0},"b":{"0":[0,1],"1":[1,0],"2":[0,0],"3":[0,0,0],"4":[0,0],"5":[0,0],"6":[0,0],"7":[0,0],"8":[0,0,0],"9":[0,0],"10":[0,0],"11":[0,0],"12":[0,0]},"_coverageSchema":"1a1c01bbd47fc00a2c39e90264f33305004495a9","hash":"09a3416dd11a6cc5ff6d41cc06b5d4a4d4e5102c"}
,"C:\\Users\\gabot\\code\\week-04\\cse-341-project2\\controllers\\deliveries.js": {"path":"C:\\Users\\gabot\\code\\week-04\\cse-341-project2\\controllers\\deliveries.js","statementMap":{"0":{"start":{"line":1,"column":16},"end":{"line":1,"column":43}},"1":{"start":{"line":2,"column":21},"end":{"line":2,"column":39}},"2":{"start":{"line":4,"column":15},"end":{"line":13,"column":1}},"3":{"start":{"line":5,"column":2},"end":{"line":12,"column":3}},"4":{"start":{"line":6,"column":19},"end":{"line":6,"column":83}},"5":{"start":{"line":7,"column":23},"end":{"line":7,"column":45}},"6":{"start":{"line":8,"column":4},"end":{"line":8,"column":54}},"7":{"start":{"line":9,"column":4},"end":{"line":9,"column":37}},"8":{"start":{"line":11,"column":4},"end":{"line":11,"column":76}},"9":{"start":{"line":15,"column":18},"end":{"line":34,"column":1}},"10":{"start":{"line":16,"column":21},"end":{"line":16,"column":34}},"11":{"start":{"line":17,"column":2},"end":{"line":19,"column":3}},"12":{"start":{"line":18,"column":4},"end":{"line":18,"column":75}},"13":{"start":{"line":20,"column":2},"end":{"line":33,"column":3}},"14":{"start":{"line":21,"column":19},"end":{"line":23,"column":46}},"15":{"start":{"line":24,"column":23},"end":{"line":24,"column":45}},"16":{"start":{"line":25,"column":4},"end":{"line":30,"column":5}},"17":{"start":{"line":26,"column":6},"end":{"line":26,"column":56}},"18":{"start":{"line":27,"column":6},"end":{"line":27,"column":42}},"19":{"start":{"line":29,"column":6},"end":{"line":29,"column":62}},"20":{"start":{"line":32,"column":4},"end":{"line":32,"column":74}},"21":{"start":{"line":36,"column":23},"end":{"line":68,"column":1}},"22":{"start":{"line":37,"column":77},"end":{"line":37,"column":85}},"23":{"start":{"line":38,"column":2},"end":{"line":40,"column":3}},"24":{"start":{"line":39,"column":4},"end":{"line":39,"column":72}},"25":{"start":{"line":41,"column":2},"end":{"line":43,"column":3}},"26":{"start":{"line":42,"column":4},"end":{"line":42,"column":83}},"27":{"start":{"line":44,"column":24},"end":{"line":44,"column":72}},"28":{"start":{"line":45,"column":2},"end":{"line":47,"column":3}},"29":{"start":{"line":46,"column":4},"end":{"line":46,"column":69}},"30":{"start":{"line":48,"column":19},"end":{"line":55,"column":3}},"31":{"start":{"line":56,"column":2},"end":{"line":67,"column":3}},"32":{"start":{"line":57,"column":21},"end":{"line":59,"column":26}},"33":{"start":{"line":60,"column":4},"end":{"line":64,"column":5}},"34":{"start":{"line":61,"column":6},"end":{"line":61,"column":29}},"35":{"start":{"line":63,"column":6},"end":{"line":63,"column":67}},"36":{"start":{"line":66,"column":4},"end":{"line":66,"column":72}},"37":{"start":{"line":70,"column":23},"end":{"line":103,"column":1}},"38":{"start":{"line":71,"column":21},"end":{"line":71,"column":34}},"39":{"start":{"line":72,"column":77},"end":{"line":72,"column":85}},"40":{"start":{"line":73,"column":2},"end":{"line":75,"column":3}},"41":{"start":{"line":74,"column":4},"end":{"line":74,"column":75}},"42":{"start":{"line":76,"column":2},"end":{"line":78,"column":3}},"43":{"start":{"line":77,"column":4},"end":{"line":77,"column":72}},"44":{"start":{"line":79,"column":24},"end":{"line":79,"column":72}},"45":{"start":{"line":80,"column":2},"end":{"line":82,"column":3}},"46":{"start":{"line":81,"column":4},"end":{"line":81,"column":69}},"47":{"start":{"line":83,"column":19},"end":{"line":90,"column":3}},"48":{"start":{"line":91,"column":2},"end":{"line":102,"column":3}},"49":{"start":{"line":92,"column":21},"end":{"line":94,"column":62}},"50":{"start":{"line":95,"column":4},"end":{"line":99,"column":5}},"51":{"start":{"line":96,"column":6},"end":{"line":96,"column":29}},"52":{"start":{"line":98,"column":6},"end":{"line":98,"column":78}},"53":{"start":{"line":101,"column":4},"end":{"line":101,"column":72}},"54":{"start":{"line":105,"column":23},"end":{"line":122,"column":1}},"55":{"start":{"line":106,"column":21},"end":{"line":106,"column":34}},"56":{"start":{"line":107,"column":2},"end":{"line":109,"column":3}},"57":{"start":{"line":108,"column":4},"end":{"line":108,"column":75}},"58":{"start":{"line":110,"column":2},"end":{"line":121,"column":3}},"59":{"start":{"line":111,"column":21},"end":{"line":113,"column":51}},"60":{"start":{"line":114,"column":4},"end":{"line":118,"column":5}},"61":{"start":{"line":115,"column":6},"end":{"line":115,"column":29}},"62":{"start":{"line":117,"column":6},"end":{"line":117,"column":62}},"63":{"start":{"line":120,"column":4},"end":{"line":120,"column":72}},"64":{"start":{"line":124,"column":25},"end":{"line":165,"column":1}},"65":{"start":{"line":125,"column":2},"end":{"line":164,"column":3}},"66":{"start":{"line":126,"column":19},"end":{"line":159,"column":16}},"67":{"start":{"line":160,"column":4},"end":{"line":160,"column":54}},"68":{"start":{"line":161,"column":4},"end":{"line":161,"column":33}},"69":{"start":{"line":163,"column":4},"end":{"line":163,"column":85}},"70":{"start":{"line":167,"column":0},"end":{"line":174,"column":2}}},"fnMap":{"0":{"name":"(anonymous_0)","decl":{"start":{"line":4,"column":15},"end":{"line":4,"column":16}},"loc":{"start":{"line":4,"column":35},"end":{"line":13,"column":1}},"line":4},"1":{"name":"(anonymous_1)","decl":{"start":{"line":15,"column":18},"end":{"line":15,"column":19}},"loc":{"start":{"line":15,"column":38},"end":{"line":34,"column":1}},"line":15},"2":{"name":"(anonymous_2)","decl":{"start":{"line":36,"column":23},"end":{"line":36,"column":24}},"loc":{"start":{"line":36,"column":43},"end":{"line":68,"column":1}},"line":36},"3":{"name":"(anonymous_3)","decl":{"start":{"line":70,"column":23},"end":{"line":70,"column":24}},"loc":{"start":{"line":70,"column":43},"end":{"line":103,"column":1}},"line":70},"4":{"name":"(anonymous_4)","decl":{"start":{"line":105,"column":23},"end":{"line":105,"column":24}},"loc":{"start":{"line":105,"column":43},"end":{"line":122,"column":1}},"line":105},"5":{"name":"(anonymous_5)","decl":{"start":{"line":124,"column":25},"end":{"line":124,"column":26}},"loc":{"start":{"line":124,"column":45},"end":{"line":165,"column":1}},"line":124}},"branchMap":{"0":{"loc":{"start":{"line":17,"column":2},"end":{"line":19,"column":3}},"type":"if","locations":[{"start":{"line":17,"column":2},"end":{"line":19,"column":3}},{"start":{},"end":{}}],"line":17},"1":{"loc":{"start":{"line":25,"column":4},"end":{"line":30,"column":5}},"type":"if","locations":[{"start":{"line":25,"column":4},"end":{"line":30,"column":5}},{"start":{"line":28,"column":11},"end":{"line":30,"column":5}}],"line":25},"2":{"loc":{"start":{"line":38,"column":2},"end":{"line":40,"column":3}},"type":"if","locations":[{"start":{"line":38,"column":2},"end":{"line":40,"column":3}},{"start":{},"end":{}}],"line":38},"3":{"loc":{"start":{"line":38,"column":6},"end":{"line":38,"column":55}},"type":"binary-expr","locations":[{"start":{"line":38,"column":6},"end":{"line":38,"column":14}},{"start":{"line":38,"column":18},"end":{"line":38,"column":27}},{"start":{"line":38,"column":31},"end":{"line":38,"column":44}},{"start":{"line":38,"column":48},"end":{"line":38,"column":55}}],"line":38},"4":{"loc":{"start":{"line":41,"column":2},"end":{"line":43,"column":3}},"type":"if","locations":[{"start":{"line":41,"column":2},"end":{"line":43,"column":3}},{"start":{},"end":{}}],"line":41},"5":{"loc":{"start":{"line":41,"column":6},"end":{"line":41,"column":63}},"type":"binary-expr","locations":[{"start":{"line":41,"column":6},"end":{"line":41,"column":32}},{"start":{"line":41,"column":36},"end":{"line":41,"column":63}}],"line":41},"6":{"loc":{"start":{"line":45,"column":2},"end":{"line":47,"column":3}},"type":"if","locations":[{"start":{"line":45,"column":2},"end":{"line":47,"column":3}},{"start":{},"end":{}}],"line":45},"7":{"loc":{"start":{"line":60,"column":4},"end":{"line":64,"column":5}},"type":"if","locations":[{"start":{"line":60,"column":4},"end":{"line":64,"column":5}},{"start":{"line":62,"column":11},"end":{"line":64,"column":5}}],"line":60},"8":{"loc":{"start":{"line":73,"column":2},"end":{"line":75,"column":3}},"type":"if","locations":[{"start":{"line":73,"column":2},"end":{"line":75,"column":3}},{"start":{},"end":{}}],"line":73},"9":{"loc":{"start":{"line":76,"column":2},"end":{"line":78,"column":3}},"type":"if","locations":[{"start":{"line":76,"column":2},"end":{"line":78,"column":3}},{"start":{},"end":{}}],"line":76},"10":{"loc":{"start":{"line":76,"column":6},"end":{"line":76,"column":55}},"type":"binary-expr","locations":[{"start":{"line":76,"column":6},"end":{"line":76,"column":14}},{"start":{"line":76,"column":18},"end":{"line":76,"column":27}},{"start":{"line":76,"column":31},"end":{"line":76,"column":44}},{"start":{"line":76,"column":48},"end":{"line":76,"column":55}}],"line":76},"11":{"loc":{"start":{"line":80,"column":2},"end":{"line":82,"column":3}},"type":"if","locations":[{"start":{"line":80,"column":2},"end":{"line":82,"column":3}},{"start":{},"end":{}}],"line":80},"12":{"loc":{"start":{"line":95,"column":4},"end":{"line":99,"column":5}},"type":"if","locations":[{"start":{"line":95,"column":4},"end":{"line":99,"column":5}},{"start":{"line":97,"column":11},"end":{"line":99,"column":5}}],"line":95},"13":{"loc":{"start":{"line":107,"column":2},"end":{"line":109,"column":3}},"type":"if","locations":[{"start":{"line":107,"column":2},"end":{"line":109,"column":3}},{"start":{},"end":{}}],"line":107},"14":{"loc":{"start":{"line":114,"column":4},"end":{"line":118,"column":5}},"type":"if","locations":[{"start":{"line":114,"column":4},"end":{"line":118,"column":5}},{"start":{"line":116,"column":11},"end":{"line":118,"column":5}}],"line":114}},"s":{"0":5,"1":5,"2":5,"3":1,"4":1,"5":1,"6":1,"7":1,"8":0,"9":5,"10":1,"11":1,"12":0,"13":1,"14":1,"15":1,"16":1,"17":1,"18":1,"19":0,"20":0,"21":5,"22":0,"23":0,"24":0,"25":0,"26":0,"27":0,"28":0,"29":0,"30":0,"31":0,"32":0,"33":0,"34":0,"35":0,"36":0,"37":5,"38":0,"39":0,"40":0,"41":0,"42":0,"43":0,"44":0,"45":0,"46":0,"47":0,"48":0,"49":0,"50":0,"51":0,"52":0,"53":0,"54":5,"55":0,"56":0,"57":0,"58":0,"59":0,"60":0,"61":0,"62":0,"63":0,"64":5,"65":1,"66":1,"67":1,"68":1,"69":0,"70":5},"f":{"0":1,"1":1,"2":0,"3":0,"4":0,"5":1},"b":{"0":[0,1],"1":[1,0],"2":[0,0],"3":[0,0,0,0],"4":[0,0],"5":[0,0],"6":[0,0],"7":[0,0],"8":[0,0],"9":[0,0],"10":[0,0,0,0],"11":[0,0],"12":[0,0],"13":[0,0],"14":[0,0]},"_coverageSchema":"1a1c01bbd47fc00a2c39e90264f33305004495a9","hash":"9cb51d5f7ddd1acc4f20ebeaf5596ea1550f4c64"}
,"C:\\Users\\gabot\\code\\week-04\\cse-341-project2\\controllers\\orders.js": {"path":"C:\\Users\\gabot\\code\\week-04\\cse-341-project2\\controllers\\orders.js","statementMap":{"0":{"start":{"line":1,"column":16},"end":{"line":1,"column":43}},"1":{"start":{"line":2,"column":21},"end":{"line":2,"column":39}},"2":{"start":{"line":4,"column":15},"end":{"line":13,"column":1}},"3":{"start":{"line":5,"column":2},"end":{"line":12,"column":3}},"4":{"start":{"line":6,"column":19},"end":{"line":6,"column":79}},"5":{"start":{"line":7,"column":19},"end":{"line":7,"column":41}},"6":{"start":{"line":8,"column":4},"end":{"line":8,"column":54}},"7":{"start":{"line":9,"column":4},"end":{"line":9,"column":33}},"8":{"start":{"line":11,"column":4},"end":{"line":11,"column":88}},"9":{"start":{"line":15,"column":18},"end":{"line":32,"column":1}},"10":{"start":{"line":16,"column":18},"end":{"line":16,"column":31}},"11":{"start":{"line":17,"column":2},"end":{"line":19,"column":3}},"12":{"start":{"line":18,"column":4},"end":{"line":18,"column":73}},"13":{"start":{"line":20,"column":2},"end":{"line":31,"column":3}},"14":{"start":{"line":21,"column":19},"end":{"line":21,"column":109}},"15":{"start":{"line":22,"column":19},"end":{"line":22,"column":41}},"16":{"start":{"line":23,"column":4},"end":{"line":28,"column":5}},"17":{"start":{"line":24,"column":6},"end":{"line":24,"column":56}},"18":{"start":{"line":25,"column":6},"end":{"line":25,"column":38}},"19":{"start":{"line":27,"column":6},"end":{"line":27,"column":59}},"20":{"start":{"line":30,"column":4},"end":{"line":30,"column":91}},"21":{"start":{"line":34,"column":20},"end":{"line":67,"column":1}},"22":{"start":{"line":35,"column":52},"end":{"line":35,"column":60}},"23":{"start":{"line":37,"column":2},"end":{"line":39,"column":3}},"24":{"start":{"line":38,"column":4},"end":{"line":38,"column":104}},"25":{"start":{"line":41,"column":2},"end":{"line":43,"column":3}},"26":{"start":{"line":42,"column":4},"end":{"line":42,"column":109}},"27":{"start":{"line":45,"column":2},"end":{"line":47,"column":3}},"28":{"start":{"line":46,"column":4},"end":{"line":46,"column":84}},"29":{"start":{"line":49,"column":16},"end":{"line":55,"column":3}},"30":{"start":{"line":57,"column":2},"end":{"line":66,"column":3}},"31":{"start":{"line":58,"column":21},"end":{"line":58,"column":91}},"32":{"start":{"line":59,"column":4},"end":{"line":63,"column":5}},"33":{"start":{"line":60,"column":6},"end":{"line":60,"column":29}},"34":{"start":{"line":62,"column":6},"end":{"line":62,"column":67}},"35":{"start":{"line":65,"column":4},"end":{"line":65,"column":70}},"36":{"start":{"line":69,"column":20},"end":{"line":109,"column":1}},"37":{"start":{"line":70,"column":18},"end":{"line":70,"column":31}},"38":{"start":{"line":71,"column":2},"end":{"line":73,"column":3}},"39":{"start":{"line":72,"column":4},"end":{"line":72,"column":73}},"40":{"start":{"line":75,"column":49},"end":{"line":75,"column":57}},"41":{"start":{"line":77,"column":2},"end":{"line":79,"column":3}},"42":{"start":{"line":78,"column":4},"end":{"line":78,"column":104}},"43":{"start":{"line":81,"column":2},"end":{"line":83,"column":3}},"44":{"start":{"line":82,"column":4},"end":{"line":82,"column":109}},"45":{"start":{"line":85,"column":2},"end":{"line":87,"column":3}},"46":{"start":{"line":86,"column":4},"end":{"line":86,"column":84}},"47":{"start":{"line":89,"column":16},"end":{"line":95,"column":3}},"48":{"start":{"line":97,"column":2},"end":{"line":108,"column":3}},"49":{"start":{"line":98,"column":21},"end":{"line":100,"column":56}},"50":{"start":{"line":101,"column":4},"end":{"line":105,"column":5}},"51":{"start":{"line":102,"column":6},"end":{"line":102,"column":29}},"52":{"start":{"line":104,"column":6},"end":{"line":104,"column":81}},"53":{"start":{"line":107,"column":4},"end":{"line":107,"column":70}},"54":{"start":{"line":111,"column":20},"end":{"line":129,"column":1}},"55":{"start":{"line":112,"column":18},"end":{"line":112,"column":31}},"56":{"start":{"line":113,"column":2},"end":{"line":115,"column":3}},"57":{"start":{"line":114,"column":4},"end":{"line":114,"column":73}},"58":{"start":{"line":117,"column":2},"end":{"line":128,"column":3}},"59":{"start":{"line":118,"column":21},"end":{"line":120,"column":48}},"60":{"start":{"line":121,"column":4},"end":{"line":125,"column":5}},"61":{"start":{"line":122,"column":6},"end":{"line":122,"column":29}},"62":{"start":{"line":124,"column":6},"end":{"line":124,"column":60}},"63":{"start":{"line":127,"column":4},"end":{"line":127,"column":70}},"64":{"start":{"line":131,"column":0},"end":{"line":137,"column":2}}},"fnMap":{"0":{"name":"(anonymous_0)","decl":{"start":{"line":4,"column":15},"end":{"line":4,"column":16}},"loc":{"start":{"line":4,"column":35},"end":{"line":13,"column":1}},"line":4},"1":{"name":"(anonymous_1)","decl":{"start":{"line":15,"column":18},"end":{"line":15,"column":19}},"loc":{"start":{"line":15,"column":38},"end":{"line":32,"column":1}},"line":15},"2":{"name":"(anonymous_2)","decl":{"start":{"line":34,"column":20},"end":{"line":34,"column":21}},"loc":{"start":{"line":34,"column":40},"end":{"line":67,"column":1}},"line":34},"3":{"name":"(anonymous_3)","decl":{"start":{"line":69,"column":20},"end":{"line":69,"column":21}},"loc":{"start":{"line":69,"column":40},"end":{"line":109,"column":1}},"line":69},"4":{"name":"(anonymous_4)","decl":{"start":{"line":111,"column":20},"end":{"line":111,"column":21}},"loc":{"start":{"line":111,"column":40},"end":{"line":129,"column":1}},"line":111}},"branchMap":{"0":{"loc":{"start":{"line":17,"column":2},"end":{"line":19,"column":3}},"type":"if","locations":[{"start":{"line":17,"column":2},"end":{"line":19,"column":3}},{"start":{},"end":{}}],"line":17},"1":{"loc":{"start":{"line":23,"column":4},"end":{"line":28,"column":5}},"type":"if","locations":[{"start":{"line":23,"column":4},"end":{"line":28,"column":5}},{"start":{"line":26,"column":11},"end":{"line":28,"column":5}}],"line":23},"2":{"loc":{"start":{"line":37,"column":2},"end":{"line":39,"column":3}},"type":"if","locations":[{"start":{"line":37,"column":2},"end":{"line":39,"column":3}},{"start":{},"end":{}}],"line":37},"3":{"loc":{"start":{"line":37,"column":6},"end":{"line":37,"column":39}},"type":"binary-expr","locations":[{"start":{"line":37,"column":6},"end":{"line":37,"column":15}},{"start":{"line":37,"column":19},"end":{"line":37,"column":26}},{"start":{"line":37,"column":30},"end":{"line":37,"column":39}}],"line":37},"4":{"loc":{"start":{"line":41,"column":2},"end":{"line":43,"column":3}},"type":"if","locations":[{"start":{"line":41,"column":2},"end":{"line":43,"column":3}},{"start":{},"end":{}}],"line":41},"5":{"loc":{"start":{"line":41,"column":6},"end":{"line":41,"column":62}},"type":"binary-expr","locations":[{"start":{"line":41,"column":6},"end":{"line":41,"column":33}},{"start":{"line":41,"column":37},"end":{"line":41,"column":62}}],"line":41},"6":{"loc":{"start":{"line":45,"column":2},"end":{"line":47,"column":3}},"type":"if","locations":[{"start":{"line":45,"column":2},"end":{"line":47,"column":3}},{"start":{},"end":{}}],"line":45},"7":{"loc":{"start":{"line":45,"column":6},"end":{"line":45,"column":51}},"type":"binary-expr","locations":[{"start":{"line":45,"column":6},"end":{"line":45,"column":34}},{"start":{"line":45,"column":38},"end":{"line":45,"column":51}}],"line":45},"8":{"loc":{"start":{"line":53,"column":15},"end":{"line":53,"column":38}},"type":"binary-expr","locations":[{"start":{"line":53,"column":15},"end":{"line":53,"column":24}},{"start":{"line":53,"column":28},"end":{"line":53,"column":38}}],"line":53},"9":{"loc":{"start":{"line":59,"column":4},"end":{"line":63,"column":5}},"type":"if","locations":[{"start":{"line":59,"column":4},"end":{"line":63,"column":5}},{"start":{"line":61,"column":11},"end":{"line":63,"column":5}}],"line":59},"10":{"loc":{"start":{"line":71,"column":2},"end":{"line":73,"column":3}},"type":"if","locations":[{"start":{"line":71,"column":2},"end":{"line":73,"column":3}},{"start":{},"end":{}}],"line":71},"11":{"loc":{"start":{"line":77,"column":2},"end":{"line":79,"column":3}},"type":"if","locations":[{"start":{"line":77,"column":2},"end":{"line":79,"column":3}},{"start":{},"end":{}}],"line":77},"12":{"loc":{"start":{"line":77,"column":6},"end":{"line":77,"column":39}},"type":"binary-expr","locations":[{"start":{"line":77,"column":6},"end":{"line":77,"column":15}},{"start":{"line":77,"column":19},"end":{"line":77,"column":26}},{"start":{"line":77,"column":30},"end":{"line":77,"column":39}}],"line":77},"13":{"loc":{"start":{"line":81,"column":2},"end":{"line":83,"column":3}},"type":"if","locations":[{"start":{"line":81,"column":2},"end":{"line":83,"column":3}},{"start":{},"end":{}}],"line":81},"14":{"loc":{"start":{"line":81,"column":6},"end":{"line":81,"column":62}},"type":"binary-expr","locations":[{"start":{"line":81,"column":6},"end":{"line":81,"column":33}},{"start":{"line":81,"column":37},"end":{"line":81,"column":62}}],"line":81},"15":{"loc":{"start":{"line":85,"column":2},"end":{"line":87,"column":3}},"type":"if","locations":[{"start":{"line":85,"column":2},"end":{"line":87,"column":3}},{"start":{},"end":{}}],"line":85},"16":{"loc":{"start":{"line":85,"column":6},"end":{"line":85,"column":51}},"type":"binary-expr","locations":[{"start":{"line":85,"column":6},"end":{"line":85,"column":34}},{"start":{"line":85,"column":38},"end":{"line":85,"column":51}}],"line":85},"17":{"loc":{"start":{"line":93,"column":12},"end":{"line":93,"column":31}},"type":"binary-expr","locations":[{"start":{"line":93,"column":12},"end":{"line":93,"column":18}},{"start":{"line":93,"column":22},"end":{"line":93,"column":31}}],"line":93},"18":{"loc":{"start":{"line":101,"column":4},"end":{"line":105,"column":5}},"type":"if","locations":[{"start":{"line":101,"column":4},"end":{"line":105,"column":5}},{"start":{"line":103,"column":11},"end":{"line":105,"column":5}}],"line":101},"19":{"loc":{"start":{"line":113,"column":2},"end":{"line":115,"column":3}},"type":"if","locations":[{"start":{"line":113,"column":2},"end":{"line":115,"column":3}},{"start":{},"end":{}}],"line":113},"20":{"loc":{"start":{"line":121,"column":4},"end":{"line":125,"column":5}},"type":"if","locations":[{"start":{"line":121,"column":4},"end":{"line":125,"column":5}},{"start":{"line":123,"column":11},"end":{"line":125,"column":5}}],"line":121}},"s":{"0":5,"1":5,"2":5,"3":1,"4":1,"5":1,"6":1,"7":1,"8":0,"9":5,"10":1,"11":1,"12":0,"13":1,"14":1,"15":1,"16":1,"17":1,"18":1,"19":0,"20":0,"21":5,"22":1,"23":1,"24":0,"25":1,"26":0,"27":1,"28":0,"29":1,"30":1,"31":1,"32":1,"33":1,"34":0,"35":0,"36":5,"37":0,"38":0,"39":0,"40":0,"41":0,"42":0,"43":0,"44":0,"45":0,"46":0,"47":0,"48":0,"49":0,"50":0,"51":0,"52":0,"53":0,"54":5,"55":0,"56":0,"57":0,"58":0,"59":0,"60":0,"61":0,"62":0,"63":0,"64":5},"f":{"0":1,"1":1,"2":1,"3":0,"4":0},"b":{"0":[0,1],"1":[1,0],"2":[0,1],"3":[1,1,1],"4":[0,1],"5":[1,1],"6":[0,1],"7":[1,1],"8":[1,1],"9":[1,0],"10":[0,0],"11":[0,0],"12":[0,0,0],"13":[0,0],"14":[0,0],"15":[0,0],"16":[0,0],"17":[0,0],"18":[0,0],"19":[0,0],"20":[0,0]},"_coverageSchema":"1a1c01bbd47fc00a2c39e90264f33305004495a9","hash":"ab9c5328ab94bbe1bd61cf81174313e2d7a356eb"}
,"C:\\Users\\gabot\\code\\week-04\\cse-341-project2\\controllers\\swimmingTools.js": {"path":"C:\\Users\\gabot\\code\\week-04\\cse-341-project2\\controllers\\swimmingTools.js","statementMap":{"0":{"start":{"line":1,"column":16},"end":{"line":1,"column":43}},"1":{"start":{"line":2,"column":21},"end":{"line":2,"column":39}},"2":{"start":{"line":4,"column":15},"end":{"line":13,"column":1}},"3":{"start":{"line":5,"column":2},"end":{"line":12,"column":3}},"4":{"start":{"line":6,"column":19},"end":{"line":6,"column":86}},"5":{"start":{"line":7,"column":18},"end":{"line":7,"column":40}},"6":{"start":{"line":8,"column":4},"end":{"line":8,"column":54}},"7":{"start":{"line":9,"column":4},"end":{"line":9,"column":32}},"8":{"start":{"line":11,"column":4},"end":{"line":11,"column":96}},"9":{"start":{"line":15,"column":18},"end":{"line":32,"column":1}},"10":{"start":{"line":16,"column":17},"end":{"line":16,"column":30}},"11":{"start":{"line":17,"column":2},"end":{"line":19,"column":3}},"12":{"start":{"line":18,"column":4},"end":{"line":18,"column":72}},"13":{"start":{"line":20,"column":2},"end":{"line":31,"column":3}},"14":{"start":{"line":21,"column":19},"end":{"line":21,"column":115}},"15":{"start":{"line":22,"column":18},"end":{"line":22,"column":40}},"16":{"start":{"line":23,"column":4},"end":{"line":28,"column":5}},"17":{"start":{"line":24,"column":6},"end":{"line":24,"column":56}},"18":{"start":{"line":25,"column":6},"end":{"line":25,"column":37}},"19":{"start":{"line":27,"column":6},"end":{"line":27,"column":67}},"20":{"start":{"line":30,"column":4},"end":{"line":30,"column":99}},"21":{"start":{"line":34,"column":27},"end":{"line":53,"column":1}},"22":{"start":{"line":35,"column":33},"end":{"line":35,"column":41}},"23":{"start":{"line":36,"column":2},"end":{"line":38,"column":3}},"24":{"start":{"line":37,"column":4},"end":{"line":37,"column":95}},"25":{"start":{"line":39,"column":2},"end":{"line":41,"column":3}},"26":{"start":{"line":40,"column":4},"end":{"line":40,"column":81}},"27":{"start":{"line":42,"column":15},"end":{"line":42,"column":37}},"28":{"start":{"line":43,"column":2},"end":{"line":52,"column":3}},"29":{"start":{"line":44,"column":21},"end":{"line":44,"column":97}},"30":{"start":{"line":45,"column":4},"end":{"line":49,"column":5}},"31":{"start":{"line":46,"column":6},"end":{"line":46,"column":29}},"32":{"start":{"line":48,"column":6},"end":{"line":48,"column":92}},"33":{"start":{"line":51,"column":4},"end":{"line":51,"column":97}},"34":{"start":{"line":55,"column":27},"end":{"line":80,"column":1}},"35":{"start":{"line":56,"column":17},"end":{"line":56,"column":30}},"36":{"start":{"line":57,"column":2},"end":{"line":59,"column":3}},"37":{"start":{"line":58,"column":4},"end":{"line":58,"column":72}},"38":{"start":{"line":60,"column":33},"end":{"line":60,"column":41}},"39":{"start":{"line":61,"column":2},"end":{"line":63,"column":3}},"40":{"start":{"line":62,"column":4},"end":{"line":62,"column":95}},"41":{"start":{"line":64,"column":2},"end":{"line":66,"column":3}},"42":{"start":{"line":65,"column":4},"end":{"line":65,"column":81}},"43":{"start":{"line":67,"column":15},"end":{"line":67,"column":37}},"44":{"start":{"line":68,"column":2},"end":{"line":79,"column":3}},"45":{"start":{"line":69,"column":21},"end":{"line":71,"column":54}},"46":{"start":{"line":72,"column":4},"end":{"line":76,"column":5}},"47":{"start":{"line":73,"column":6},"end":{"line":73,"column":29}},"48":{"start":{"line":75,"column":6},"end":{"line":75,"column":89}},"49":{"start":{"line":78,"column":4},"end":{"line":78,"column":97}},"50":{"start":{"line":82,"column":27},"end":{"line":99,"column":1}},"51":{"start":{"line":83,"column":17},"end":{"line":83,"column":30}},"52":{"start":{"line":84,"column":2},"end":{"line":86,"column":3}},"53":{"start":{"line":85,"column":4},"end":{"line":85,"column":72}},"54":{"start":{"line":87,"column":2},"end":{"line":98,"column":3}},"55":{"start":{"line":88,"column":21},"end":{"line":90,"column":47}},"56":{"start":{"line":91,"column":4},"end":{"line":95,"column":5}},"57":{"start":{"line":92,"column":6},"end":{"line":92,"column":29}},"58":{"start":{"line":94,"column":6},"end":{"line":94,"column":68}},"59":{"start":{"line":97,"column":4},"end":{"line":97,"column":97}},"60":{"start":{"line":101,"column":0},"end":{"line":107,"column":2}}},"fnMap":{"0":{"name":"(anonymous_0)","decl":{"start":{"line":4,"column":15},"end":{"line":4,"column":16}},"loc":{"start":{"line":4,"column":35},"end":{"line":13,"column":1}},"line":4},"1":{"name":"(anonymous_1)","decl":{"start":{"line":15,"column":18},"end":{"line":15,"column":19}},"loc":{"start":{"line":15,"column":38},"end":{"line":32,"column":1}},"line":15},"2":{"name":"(anonymous_2)","decl":{"start":{"line":34,"column":27},"end":{"line":34,"column":28}},"loc":{"start":{"line":34,"column":47},"end":{"line":53,"column":1}},"line":34},"3":{"name":"(anonymous_3)","decl":{"start":{"line":55,"column":27},"end":{"line":55,"column":28}},"loc":{"start":{"line":55,"column":47},"end":{"line":80,"column":1}},"line":55},"4":{"name":"(anonymous_4)","decl":{"start":{"line":82,"column":27},"end":{"line":82,"column":28}},"loc":{"start":{"line":82,"column":47},"end":{"line":99,"column":1}},"line":82}},"branchMap":{"0":{"loc":{"start":{"line":17,"column":2},"end":{"line":19,"column":3}},"type":"if","locations":[{"start":{"line":17,"column":2},"end":{"line":19,"column":3}},{"start":{},"end":{}}],"line":17},"1":{"loc":{"start":{"line":23,"column":4},"end":{"line":28,"column":5}},"type":"if","locations":[{"start":{"line":23,"column":4},"end":{"line":28,"column":5}},{"start":{"line":26,"column":11},"end":{"line":28,"column":5}}],"line":23},"2":{"loc":{"start":{"line":36,"column":2},"end":{"line":38,"column":3}},"type":"if","locations":[{"start":{"line":36,"column":2},"end":{"line":38,"column":3}},{"start":{},"end":{}}],"line":36},"3":{"loc":{"start":{"line":36,"column":6},"end":{"line":36,"column":28}},"type":"binary-expr","locations":[{"start":{"line":36,"column":6},"end":{"line":36,"column":18}},{"start":{"line":36,"column":22},"end":{"line":36,"column":28}}],"line":36},"4":{"loc":{"start":{"line":39,"column":2},"end":{"line":41,"column":3}},"type":"if","locations":[{"start":{"line":39,"column":2},"end":{"line":41,"column":3}},{"start":{},"end":{}}],"line":39},"5":{"loc":{"start":{"line":39,"column":6},"end":{"line":39,"column":45}},"type":"binary-expr","locations":[{"start":{"line":39,"column":6},"end":{"line":39,"column":31}},{"start":{"line":39,"column":35},"end":{"line":39,"column":45}}],"line":39},"6":{"loc":{"start":{"line":45,"column":4},"end":{"line":49,"column":5}},"type":"if","locations":[{"start":{"line":45,"column":4},"end":{"line":49,"column":5}},{"start":{"line":47,"column":11},"end":{"line":49,"column":5}}],"line":45},"7":{"loc":{"start":{"line":57,"column":2},"end":{"line":59,"column":3}},"type":"if","locations":[{"start":{"line":57,"column":2},"end":{"line":59,"column":3}},{"start":{},"end":{}}],"line":57},"8":{"loc":{"start":{"line":61,"column":2},"end":{"line":63,"column":3}},"type":"if","locations":[{"start":{"line":61,"column":2},"end":{"line":63,"column":3}},{"start":{},"end":{}}],"line":61},"9":{"loc":{"start":{"line":61,"column":6},"end":{"line":61,"column":28}},"type":"binary-expr","locations":[{"start":{"line":61,"column":6},"end":{"line":61,"column":18}},{"start":{"line":61,"column":22},"end":{"line":61,"column":28}}],"line":61},"10":{"loc":{"start":{"line":64,"column":2},"end":{"line":66,"column":3}},"type":"if","locations":[{"start":{"line":64,"column":2},"end":{"line":66,"column":3}},{"start":{},"end":{}}],"line":64},"11":{"loc":{"start":{"line":64,"column":6},"end":{"line":64,"column":45}},"type":"binary-expr","locations":[{"start":{"line":64,"column":6},"end":{"line":64,"column":31}},{"start":{"line":64,"column":35},"end":{"line":64,"column":45}}],"line":64},"12":{"loc":{"start":{"line":72,"column":4},"end":{"line":76,"column":5}},"type":"if","locations":[{"start":{"line":72,"column":4},"end":{"line":76,"column":5}},{"start":{"line":74,"column":11},"end":{"line":76,"column":5}}],"line":72},"13":{"loc":{"start":{"line":84,"column":2},"end":{"line":86,"column":3}},"type":"if","locations":[{"start":{"line":84,"column":2},"end":{"line":86,"column":3}},{"start":{},"end":{}}],"line":84},"14":{"loc":{"start":{"line":91,"column":4},"end":{"line":95,"column":5}},"type":"if","locations":[{"start":{"line":91,"column":4},"end":{"line":95,"column":5}},{"start":{"line":93,"column":11},"end":{"line":95,"column":5}}],"line":91}},"s":{"0":5,"1":5,"2":5,"3":1,"4":1,"5":1,"6":1,"7":1,"8":0,"9":5,"10":1,"11":1,"12":0,"13":1,"14":1,"15":1,"16":1,"17":1,"18":1,"19":0,"20":0,"21":5,"22":1,"23":1,"24":0,"25":1,"26":0,"27":1,"28":1,"29":1,"30":1,"31":1,"32":0,"33":0,"34":5,"35":0,"36":0,"37":0,"38":0,"39":0,"40":0,"41":0,"42":0,"43":0,"44":0,"45":0,"46":0,"47":0,"48":0,"49":0,"50":5,"51":0,"52":0,"53":0,"54":0,"55":0,"56":0,"57":0,"58":0,"59":0,"60":5},"f":{"0":1,"1":1,"2":1,"3":0,"4":0},"b":{"0":[0,1],"1":[1,0],"2":[0,1],"3":[1,1],"4":[0,1],"5":[1,1],"6":[1,0],"7":[0,0],"8":[0,0],"9":[0,0],"10":[0,0],"11":[0,0],"12":[0,0],"13":[0,0],"14":[0,0]},"_coverageSchema":"1a1c01bbd47fc00a2c39e90264f33305004495a9","hash":"c11527f975922bb4bcd149d67d390b87f5224f28"}
,"C:\\Users\\gabot\\code\\week-04\\cse-341-project2\\controllers\\users.js": {"path":"C:\\Users\\gabot\\code\\week-04\\cse-341-project2\\controllers\\users.js","statementMap":{"0":{"start":{"line":1,"column":16},"end":{"line":1,"column":43}},"1":{"start":{"line":2,"column":15},"end":{"line":2,"column":32}},"2":{"start":{"line":3,"column":12},"end":{"line":3,"column":35}},"3":{"start":{"line":5,"column":17},"end":{"line":28,"column":1}},"4":{"start":{"line":6,"column":30},"end":{"line":6,"column":38}},"5":{"start":{"line":7,"column":2},"end":{"line":9,"column":3}},"6":{"start":{"line":8,"column":4},"end":{"line":8,"column":80}},"7":{"start":{"line":10,"column":2},"end":{"line":27,"column":3}},"8":{"start":{"line":11,"column":25},"end":{"line":13,"column":25}},"9":{"start":{"line":14,"column":4},"end":{"line":16,"column":5}},"10":{"start":{"line":15,"column":6},"end":{"line":15,"column":70}},"11":{"start":{"line":17,"column":27},"end":{"line":17,"column":58}},"12":{"start":{"line":18,"column":17},"end":{"line":18,"column":75}},"13":{"start":{"line":19,"column":21},"end":{"line":21,"column":22}},"14":{"start":{"line":22,"column":4},"end":{"line":24,"column":5}},"15":{"start":{"line":23,"column":6},"end":{"line":23,"column":69}},"16":{"start":{"line":26,"column":4},"end":{"line":26,"column":68}},"17":{"start":{"line":30,"column":14},"end":{"line":52,"column":1}},"18":{"start":{"line":31,"column":30},"end":{"line":31,"column":38}},"19":{"start":{"line":32,"column":2},"end":{"line":51,"column":3}},"20":{"start":{"line":33,"column":17},"end":{"line":35,"column":25}},"21":{"start":{"line":36,"column":4},"end":{"line":38,"column":5}},"22":{"start":{"line":37,"column":6},"end":{"line":37,"column":70}},"23":{"start":{"line":39,"column":26},"end":{"line":39,"column":71}},"24":{"start":{"line":40,"column":4},"end":{"line":42,"column":5}},"25":{"start":{"line":41,"column":6},"end":{"line":41,"column":70}},"26":{"start":{"line":43,"column":18},"end":{"line":47,"column":5}},"27":{"start":{"line":48,"column":4},"end":{"line":48,"column":36}},"28":{"start":{"line":50,"column":4},"end":{"line":50,"column":65}},"29":{"start":{"line":54,"column":0},"end":{"line":54,"column":37}}},"fnMap":{"0":{"name":"(anonymous_0)","decl":{"start":{"line":5,"column":17},"end":{"line":5,"column":18}},"loc":{"start":{"line":5,"column":37},"end":{"line":28,"column":1}},"line":5},"1":{"name":"(anonymous_1)","decl":{"start":{"line":30,"column":14},"end":{"line":30,"column":15}},"loc":{"start":{"line":30,"column":34},"end":{"line":52,"column":1}},"line":30}},"branchMap":{"0":{"loc":{"start":{"line":7,"column":2},"end":{"line":9,"column":3}},"type":"if","locations":[{"start":{"line":7,"column":2},"end":{"line":9,"column":3}},{"start":{},"end":{}}],"line":7},"1":{"loc":{"start":{"line":7,"column":6},"end":{"line":7,"column":25}},"type":"binary-expr","locations":[{"start":{"line":7,"column":6},"end":{"line":7,"column":12}},{"start":{"line":7,"column":16},"end":{"line":7,"column":25}}],"line":7},"2":{"loc":{"start":{"line":14,"column":4},"end":{"line":16,"column":5}},"type":"if","locations":[{"start":{"line":14,"column":4},"end":{"line":16,"column":5}},{"start":{},"end":{}}],"line":14},"3":{"loc":{"start":{"line":22,"column":4},"end":{"line":24,"column":5}},"type":"if","locations":[{"start":{"line":22,"column":4},"end":{"line":24,"column":5}},{"start":{},"end":{}}],"line":22},"4":{"loc":{"start":{"line":36,"column":4},"end":{"line":38,"column":5}},"type":"if","locations":[{"start":{"line":36,"column":4},"end":{"line":38,"column":5}},{"start":{},"end":{}}],"line":36},"5":{"loc":{"start":{"line":40,"column":4},"end":{"line":42,"column":5}},"type":"if","locations":[{"start":{"line":40,"column":4},"end":{"line":42,"column":5}},{"start":{},"end":{}}],"line":40}},"s":{"0":5,"1":5,"2":5,"3":5,"4":2,"5":2,"6":0,"7":2,"8":2,"9":2,"10":1,"11":1,"12":1,"13":1,"14":1,"15":1,"16":0,"17":5,"18":2,"19":2,"20":2,"21":2,"22":1,"23":1,"24":1,"25":0,"26":1,"27":1,"28":0,"29":5},"f":{"0":2,"1":2},"b":{"0":[0,2],"1":[2,2],"2":[1,1],"3":[1,0],"4":[1,1],"5":[0,1]},"_coverageSchema":"1a1c01bbd47fc00a2c39e90264f33305004495a9","hash":"cb743a200e73bb8088bbec262b9edb7c8cdf0916"}
,"C:\\Users\\gabot\\code\\week-04\\cse-341-project2\\data\\database.js": {"path":"C:\\Users\\gabot\\code\\week-04\\cse-341-project2\\data\\database.js","statementMap":{"0":{"start":{"line":1,"column":20},"end":{"line":1,"column":50}},"1":{"start":{"line":5,"column":15},"end":{"line":29,"column":1}},"2":{"start":{"line":6,"column":2},"end":{"line":10,"column":3}},"3":{"start":{"line":7,"column":4},"end":{"line":7,"column":46}},"4":{"start":{"line":8,"column":4},"end":{"line":8,"column":50}},"5":{"start":{"line":8,"column":18},"end":{"line":8,"column":50}},"6":{"start":{"line":9,"column":4},"end":{"line":9,"column":37}},"7":{"start":{"line":11,"column":2},"end":{"line":28,"column":7}},"8":{"start":{"line":19,"column":6},"end":{"line":19,"column":24}},"9":{"start":{"line":20,"column":6},"end":{"line":20,"column":53}},"10":{"start":{"line":21,"column":6},"end":{"line":21,"column":52}},"11":{"start":{"line":21,"column":20},"end":{"line":21,"column":52}},"12":{"start":{"line":22,"column":6},"end":{"line":22,"column":22}},"13":{"start":{"line":25,"column":6},"end":{"line":25,"column":56}},"14":{"start":{"line":26,"column":6},"end":{"line":26,"column":41}},"15":{"start":{"line":26,"column":20},"end":{"line":26,"column":41}},"16":{"start":{"line":27,"column":6},"end":{"line":27,"column":16}},"17":{"start":{"line":31,"column":20},"end":{"line":36,"column":1}},"18":{"start":{"line":32,"column":2},"end":{"line":34,"column":3}},"19":{"start":{"line":33,"column":4},"end":{"line":33,"column":48}},"20":{"start":{"line":35,"column":2},"end":{"line":35,"column":18}},"21":{"start":{"line":38,"column":16},"end":{"line":44,"column":1}},"22":{"start":{"line":39,"column":2},"end":{"line":43,"column":3}},"23":{"start":{"line":40,"column":4},"end":{"line":40,"column":27}},"24":{"start":{"line":41,"column":4},"end":{"line":41,"column":20}},"25":{"start":{"line":42,"column":4},"end":{"line":42,"column":46}},"26":{"start":{"line":46,"column":0},"end":{"line":46,"column":50}}},"fnMap":{"0":{"name":"(anonymous_0)","decl":{"start":{"line":5,"column":15},"end":{"line":5,"column":16}},"loc":{"start":{"line":5,"column":29},"end":{"line":29,"column":1}},"line":5},"1":{"name":"(anonymous_1)","decl":{"start":{"line":18,"column":10},"end":{"line":18,"column":11}},"loc":{"start":{"line":18,"column":20},"end":{"line":23,"column":5}},"line":18},"2":{"name":"(anonymous_2)","decl":{"start":{"line":24,"column":11},"end":{"line":24,"column":12}},"loc":{"start":{"line":24,"column":18},"end":{"line":28,"column":5}},"line":24},"3":{"name":"(anonymous_3)","decl":{"start":{"line":31,"column":20},"end":{"line":31,"column":21}},"loc":{"start":{"line":31,"column":26},"end":{"line":36,"column":1}},"line":31},"4":{"name":"(anonymous_4)","decl":{"start":{"line":38,"column":16},"end":{"line":38,"column":17}},"loc":{"start":{"line":38,"column":28},"end":{"line":44,"column":1}},"line":38}},"branchMap":{"0":{"loc":{"start":{"line":6,"column":2},"end":{"line":10,"column":3}},"type":"if","locations":[{"start":{"line":6,"column":2},"end":{"line":10,"column":3}},{"start":{},"end":{}}],"line":6},"1":{"loc":{"start":{"line":8,"column":4},"end":{"line":8,"column":50}},"type":"if","locations":[{"start":{"line":8,"column":4},"end":{"line":8,"column":50}},{"start":{},"end":{}}],"line":8},"2":{"loc":{"start":{"line":12,"column":4},"end":{"line":12,"column":59}},"type":"binary-expr","locations":[{"start":{"line":12,"column":4},"end":{"line":12,"column":32}},{"start":{"line":12,"column":36},"end":{"line":12,"column":59}}],"line":12},"3":{"loc":{"start":{"line":21,"column":6},"end":{"line":21,"column":52}},"type":"if","locations":[{"start":{"line":21,"column":6},"end":{"line":21,"column":52}},{"start":{},"end":{}}],"line":21},"4":{"loc":{"start":{"line":26,"column":6},"end":{"line":26,"column":41}},"type":"if","locations":[{"start":{"line":26,"column":6},"end":{"line":26,"column":41}},{"start":{},"end":{}}],"line":26},"5":{"loc":{"start":{"line":32,"column":2},"end":{"line":34,"column":3}},"type":"if","locations":[{"start":{"line":32,"column":2},"end":{"line":34,"column":3}},{"start":{},"end":{}}],"line":32},"6":{"loc":{"start":{"line":39,"column":2},"end":{"line":43,"column":3}},"type":"if","locations":[{"start":{"line":39,"column":2},"end":{"line":43,"column":3}},{"start":{},"end":{}}],"line":39}},"s":{"0":6,"1":6,"2":5,"3":0,"4":0,"5":0,"6":0,"7":5,"8":5,"9":5,"10":5,"11":0,"12":5,"13":0,"14":0,"15":0,"16":0,"17":6,"18":53,"19":0,"20":53,"21":6,"22":5,"23":5,"24":5,"25":5,"26":6},"f":{"0":5,"1":5,"2":0,"3":53,"4":5},"b":{"0":[0,5],"1":[0,0],"2":[5,5],"3":[0,5],"4":[0,0],"5":[0,53],"6":[5,0]},"_coverageSchema":"1a1c01bbd47fc00a2c39e90264f33305004495a9","hash":"855585c3bd2b6aaad11d3e2b0dfabcdd19e12d9d"}
,"C:\\Users\\gabot\\code\\week-04\\cse-341-project2\\middleware\\auth.js": {"path":"C:\\Users\\gabot\\code\\week-04\\cse-341-project2\\middleware\\auth.js","statementMap":{"0":{"start":{"line":1,"column":17},"end":{"line":1,"column":36}},"1":{"start":{"line":2,"column":23},"end":{"line":2,"column":59}},"2":{"start":{"line":3,"column":12},"end":{"line":3,"column":35}},"3":{"start":{"line":4,"column":16},"end":{"line":4,"column":43}},"4":{"start":{"line":5,"column":21},"end":{"line":5,"column":39}},"5":{"start":{"line":8,"column":21},"end":{"line":12,"column":1}},"6":{"start":{"line":14,"column":0},"end":{"line":38,"column":1}},"7":{"start":{"line":15,"column":2},"end":{"line":15,"column":94}},"8":{"start":{"line":17,"column":2},"end":{"line":37,"column":5}},"9":{"start":{"line":19,"column":6},"end":{"line":35,"column":7}},"10":{"start":{"line":20,"column":19},"end":{"line":20,"column":45}},"11":{"start":{"line":21,"column":19},"end":{"line":21,"column":81}},"12":{"start":{"line":23,"column":8},"end":{"line":31,"column":9}},"13":{"start":{"line":24,"column":10},"end":{"line":29,"column":12}},"14":{"start":{"line":30,"column":10},"end":{"line":30,"column":55}},"15":{"start":{"line":32,"column":8},"end":{"line":32,"column":32}},"16":{"start":{"line":34,"column":8},"end":{"line":34,"column":25}},"17":{"start":{"line":40,"column":0},"end":{"line":42,"column":3}},"18":{"start":{"line":41,"column":2},"end":{"line":41,"column":23}},"19":{"start":{"line":44,"column":0},"end":{"line":53,"column":3}},"20":{"start":{"line":45,"column":2},"end":{"line":52,"column":3}},"21":{"start":{"line":46,"column":17},"end":{"line":48,"column":41}},"22":{"start":{"line":49,"column":4},"end":{"line":49,"column":21}},"23":{"start":{"line":51,"column":4},"end":{"line":51,"column":14}},"24":{"start":{"line":55,"column":22},"end":{"line":61,"column":1}},"25":{"start":{"line":56,"column":2},"end":{"line":60,"column":4}},"26":{"start":{"line":63,"column":20},"end":{"line":72,"column":1}},"27":{"start":{"line":64,"column":16},"end":{"line":64,"column":59}},"28":{"start":{"line":65,"column":2},"end":{"line":65,"column":76}},"29":{"start":{"line":65,"column":14},"end":{"line":65,"column":76}},"30":{"start":{"line":67,"column":2},"end":{"line":71,"column":5}},"31":{"start":{"line":68,"column":4},"end":{"line":68,"column":71}},"32":{"start":{"line":68,"column":13},"end":{"line":68,"column":71}},"33":{"start":{"line":69,"column":4},"end":{"line":69,"column":23}},"34":{"start":{"line":70,"column":4},"end":{"line":70,"column":11}},"35":{"start":{"line":74,"column":0},"end":{"line":78,"column":2}}},"fnMap":{"0":{"name":"(anonymous_0)","decl":{"start":{"line":18,"column":4},"end":{"line":18,"column":5}},"loc":{"start":{"line":18,"column":56},"end":{"line":36,"column":5}},"line":18},"1":{"name":"(anonymous_1)","decl":{"start":{"line":40,"column":23},"end":{"line":40,"column":24}},"loc":{"start":{"line":40,"column":39},"end":{"line":42,"column":1}},"line":40},"2":{"name":"(anonymous_2)","decl":{"start":{"line":44,"column":25},"end":{"line":44,"column":26}},"loc":{"start":{"line":44,"column":45},"end":{"line":53,"column":1}},"line":44},"3":{"name":"(anonymous_3)","decl":{"start":{"line":55,"column":22},"end":{"line":55,"column":23}},"loc":{"start":{"line":55,"column":32},"end":{"line":61,"column":1}},"line":55},"4":{"name":"(anonymous_4)","decl":{"start":{"line":63,"column":20},"end":{"line":63,"column":21}},"loc":{"start":{"line":63,"column":40},"end":{"line":72,"column":1}},"line":63},"5":{"name":"(anonymous_5)","decl":{"start":{"line":67,"column":44},"end":{"line":67,"column":45}},"loc":{"start":{"line":67,"column":62},"end":{"line":71,"column":3}},"line":67}},"branchMap":{"0":{"loc":{"start":{"line":14,"column":0},"end":{"line":38,"column":1}},"type":"if","locations":[{"start":{"line":14,"column":0},"end":{"line":38,"column":1}},{"start":{"line":16,"column":7},"end":{"line":38,"column":1}}],"line":14},"1":{"loc":{"start":{"line":14,"column":4},"end":{"line":14,"column":85}},"type":"binary-expr","locations":[{"start":{"line":14,"column":4},"end":{"line":14,"column":26}},{"start":{"line":14,"column":30},"end":{"line":14,"column":56}},{"start":{"line":14,"column":60},"end":{"line":14,"column":85}}],"line":14},"2":{"loc":{"start":{"line":23,"column":8},"end":{"line":31,"column":9}},"type":"if","locations":[{"start":{"line":23,"column":8},"end":{"line":31,"column":9}},{"start":{},"end":{}}],"line":23},"3":{"loc":{"start":{"line":26,"column":19},"end":{"line":26,"column":66}},"type":"cond-expr","locations":[{"start":{"line":26,"column":36},"end":{"line":26,"column":59}},{"start":{"line":26,"column":62},"end":{"line":26,"column":66}}],"line":26},"4":{"loc":{"start":{"line":65,"column":2},"end":{"line":65,"column":76}},"type":"if","locations":[{"start":{"line":65,"column":2},"end":{"line":65,"column":76}},{"start":{},"end":{}}],"line":65},"5":{"loc":{"start":{"line":68,"column":4},"end":{"line":68,"column":71}},"type":"if","locations":[{"start":{"line":68,"column":4},"end":{"line":68,"column":71}},{"start":{},"end":{}}],"line":68}},"s":{"0":6,"1":6,"2":6,"3":6,"4":6,"5":6,"6":6,"7":1,"8":5,"9":0,"10":0,"11":0,"12":0,"13":0,"14":0,"15":0,"16":0,"17":6,"18":0,"19":6,"20":0,"21":0,"22":0,"23":0,"24":6,"25":0,"26":6,"27":2,"28":2,"29":0,"30":2,"31":2,"32":1,"33":1,"34":1,"35":6},"f":{"0":0,"1":0,"2":0,"3":0,"4":2,"5":2},"b":{"0":[1,5],"1":[6,5,5],"2":[0,0],"3":[0,0],"4":[0,2],"5":[1,1]},"_coverageSchema":"1a1c01bbd47fc00a2c39e90264f33305004495a9","hash":"e376fdd7dc23b30b9dbe6306ce41d6112d99a830"}
,"C:\\Users\\gabot\\code\\week-04\\cse-341-project2\\middleware\\errorHandler.js": {"path":"C:\\Users\\gabot\\code\\week-04\\cse-341-project2\\middleware\\errorHandler.js","statementMap":{"0":{"start":{"line":1,"column":21},"end":{"line":4,"column":1}},"1":{"start":{"line":2,"column":2},"end":{"line":2,"column":27}},"2":{"start":{"line":3,"column":2},"end":{"line":3,"column":81}},"3":{"start":{"line":6,"column":0},"end":{"line":6,"column":30}}},"fnMap":{"0":{"name":"(anonymous_0)","decl":{"start":{"line":1,"column":21},"end":{"line":1,"column":22}},"loc":{"start":{"line":1,"column":46},"end":{"line":4,"column":1}},"line":1}},"branchMap":{},"s":{"0":5,"1":0,"2":0,"3":5},"f":{"0":0},"b":{},"_coverageSchema":"1a1c01bbd47fc00a2c39e90264f33305004495a9","hash":"17fb170e5286715f70de6ac92bfb9fec98a31b92"}
,"C:\\Users\\gabot\\code\\week-04\\cse-341-project2\\middleware\\validation.js": {"path":"C:\\Users\\gabot\\code\\week-04\\cse-341-project2\\middleware\\validation.js","statementMap":{"0":{"start":{"line":1,"column":12},"end":{"line":1,"column":26}},"1":{"start":{"line":2,"column":21},"end":{"line":2,"column":39}},"2":{"start":{"line":4,"column":25},"end":{"line":12,"column":1}},"3":{"start":{"line":5,"column":17},"end":{"line":8,"column":4}},"4":{"start":{"line":9,"column":20},"end":{"line":9,"column":45}},"5":{"start":{"line":10,"column":2},"end":{"line":10,"column":80}},"6":{"start":{"line":10,"column":13},"end":{"line":10,"column":80}},"7":{"start":{"line":11,"column":2},"end":{"line":11,"column":9}},"8":{"start":{"line":14,"column":22},"end":{"line":22,"column":1}},"9":{"start":{"line":15,"column":17},"end":{"line":18,"column":4}},"10":{"start":{"line":19,"column":20},"end":{"line":19,"column":45}},"11":{"start":{"line":20,"column":2},"end":{"line":20,"column":80}},"12":{"start":{"line":20,"column":13},"end":{"line":20,"column":80}},"13":{"start":{"line":21,"column":2},"end":{"line":21,"column":9}},"14":{"start":{"line":24,"column":29},"end":{"line":32,"column":1}},"15":{"start":{"line":25,"column":17},"end":{"line":28,"column":4}},"16":{"start":{"line":29,"column":20},"end":{"line":29,"column":45}},"17":{"start":{"line":30,"column":2},"end":{"line":30,"column":80}},"18":{"start":{"line":30,"column":13},"end":{"line":30,"column":80}},"19":{"start":{"line":31,"column":2},"end":{"line":31,"column":9}},"20":{"start":{"line":34,"column":23},"end":{"line":44,"column":1}},"21":{"start":{"line":35,"column":17},"end":{"line":40,"column":4}},"22":{"start":{"line":41,"column":20},"end":{"line":41,"column":45}},"23":{"start":{"line":42,"column":2},"end":{"line":42,"column":80}},"24":{"start":{"line":42,"column":13},"end":{"line":42,"column":80}},"25":{"start":{"line":43,"column":2},"end":{"line":43,"column":9}},"26":{"start":{"line":46,"column":22},"end":{"line":67,"column":1}},"27":{"start":{"line":47,"column":17},"end":{"line":63,"column":4}},"28":{"start":{"line":49,"column":6},"end":{"line":51,"column":7}},"29":{"start":{"line":50,"column":8},"end":{"line":50,"column":44}},"30":{"start":{"line":52,"column":6},"end":{"line":52,"column":19}},"31":{"start":{"line":55,"column":6},"end":{"line":57,"column":7}},"32":{"start":{"line":56,"column":8},"end":{"line":56,"column":44}},"33":{"start":{"line":58,"column":6},"end":{"line":58,"column":19}},"34":{"start":{"line":64,"column":20},"end":{"line":64,"column":45}},"35":{"start":{"line":65,"column":2},"end":{"line":65,"column":80}},"36":{"start":{"line":65,"column":13},"end":{"line":65,"column":80}},"37":{"start":{"line":66,"column":2},"end":{"line":66,"column":9}},"38":{"start":{"line":69,"column":25},"end":{"line":101,"column":1}},"39":{"start":{"line":70,"column":17},"end":{"line":97,"column":4}},"40":{"start":{"line":72,"column":6},"end":{"line":74,"column":7}},"41":{"start":{"line":73,"column":8},"end":{"line":73,"column":44}},"42":{"start":{"line":75,"column":6},"end":{"line":75,"column":19}},"43":{"start":{"line":78,"column":6},"end":{"line":80,"column":7}},"44":{"start":{"line":79,"column":8},"end":{"line":79,"column":44}},"45":{"start":{"line":81,"column":6},"end":{"line":81,"column":19}},"46":{"start":{"line":89,"column":10},"end":{"line":91,"column":11}},"47":{"start":{"line":90,"column":12},"end":{"line":90,"column":48}},"48":{"start":{"line":92,"column":10},"end":{"line":92,"column":23}},"49":{"start":{"line":98,"column":20},"end":{"line":98,"column":45}},"50":{"start":{"line":99,"column":2},"end":{"line":99,"column":80}},"51":{"start":{"line":99,"column":13},"end":{"line":99,"column":80}},"52":{"start":{"line":100,"column":2},"end":{"line":100,"column":9}},"53":{"start":{"line":103,"column":0},"end":{"line":110,"column":2}}},"fnMap":{"0":{"name":"(anonymous_0)","decl":{"start":{"line":4,"column":25},"end":{"line":4,"column":26}},"loc":{"start":{"line":4,"column":45},"end":{"line":12,"column":1}},"line":4},"1":{"name":"(anonymous_1)","decl":{"start":{"line":14,"column":22},"end":{"line":14,"column":23}},"loc":{"start":{"line":14,"column":42},"end":{"line":22,"column":1}},"line":14},"2":{"name":"(anonymous_2)","decl":{"start":{"line":24,"column":29},"end":{"line":24,"column":30}},"loc":{"start":{"line":24,"column":49},"end":{"line":32,"column":1}},"line":24},"3":{"name":"(anonymous_3)","decl":{"start":{"line":34,"column":23},"end":{"line":34,"column":24}},"loc":{"start":{"line":34,"column":43},"end":{"line":44,"column":1}},"line":34},"4":{"name":"(anonymous_4)","decl":{"start":{"line":46,"column":22},"end":{"line":46,"column":23}},"loc":{"start":{"line":46,"column":42},"end":{"line":67,"column":1}},"line":46},"5":{"name":"(anonymous_5)","decl":{"start":{"line":48,"column":45},"end":{"line":48,"column":46}},"loc":{"start":{"line":48,"column":65},"end":{"line":53,"column":5}},"line":48},"6":{"name":"(anonymous_6)","decl":{"start":{"line":54,"column":43},"end":{"line":54,"column":44}},"loc":{"start":{"line":54,"column":63},"end":{"line":59,"column":5}},"line":54},"7":{"name":"(anonymous_7)","decl":{"start":{"line":69,"column":25},"end":{"line":69,"column":26}},"loc":{"start":{"line":69,"column":45},"end":{"line":101,"column":1}},"line":69},"8":{"name":"(anonymous_8)","decl":{"start":{"line":71,"column":44},"end":{"line":71,"column":45}},"loc":{"start":{"line":71,"column":64},"end":{"line":76,"column":5}},"line":71},"9":{"name":"(anonymous_9)","decl":{"start":{"line":77,"column":45},"end":{"line":77,"column":46}},"loc":{"start":{"line":77,"column":65},"end":{"line":82,"column":5}},"line":77},"10":{"name":"(anonymous_10)","decl":{"start":{"line":88,"column":47},"end":{"line":88,"column":48}},"loc":{"start":{"line":88,"column":67},"end":{"line":93,"column":9}},"line":88}},"branchMap":{"0":{"loc":{"start":{"line":10,"column":2},"end":{"line":10,"column":80}},"type":"if","locations":[{"start":{"line":10,"column":2},"end":{"line":10,"column":80}},{"start":{},"end":{}}],"line":10},"1":{"loc":{"start":{"line":20,"column":2},"end":{"line":20,"column":80}},"type":"if","locations":[{"start":{"line":20,"column":2},"end":{"line":20,"column":80}},{"start":{},"end":{}}],"line":20},"2":{"loc":{"start":{"line":30,"column":2},"end":{"line":30,"column":80}},"type":"if","locations":[{"start":{"line":30,"column":2},"end":{"line":30,"column":80}},{"start":{},"end":{}}],"line":30},"3":{"loc":{"start":{"line":42,"column":2},"end":{"line":42,"column":80}},"type":"if","locations":[{"start":{"line":42,"column":2},"end":{"line":42,"column":80}},{"start":{},"end":{}}],"line":42},"4":{"loc":{"start":{"line":49,"column":6},"end":{"line":51,"column":7}},"type":"if","locations":[{"start":{"line":49,"column":6},"end":{"line":51,"column":7}},{"start":{},"end":{}}],"line":49},"5":{"loc":{"start":{"line":55,"column":6},"end":{"line":57,"column":7}},"type":"if","locations":[{"start":{"line":55,"column":6},"end":{"line":57,"column":7}},{"start":{},"end":{}}],"line":55},"6":{"loc":{"start":{"line":65,"column":2},"end":{"line":65,"column":80}},"type":"if","locations":[{"start":{"line":65,"column":2},"end":{"line":65,"column":80}},{"start":{},"end":{}}],"line":65},"7":{"loc":{"start":{"line":72,"column":6},"end":{"line":74,"column":7}},"type":"if","locations":[{"start":{"line":72,"column":6},"end":{"line":74,"column":7}},{"start":{},"end":{}}],"line":72},"8":{"loc":{"start":{"line":78,"column":6},"end":{"line":80,"column":7}},"type":"if","locations":[{"start":{"line":78,"column":6},"end":{"line":80,"column":7}},{"start":{},"end":{}}],"line":78},"9":{"loc":{"start":{"line":89,"column":10},"end":{"line":91,"column":11}},"type":"if","locations":[{"start":{"line":89,"column":10},"end":{"line":91,"column":11}},{"start":{},"end":{}}],"line":89},"10":{"loc":{"start":{"line":99,"column":2},"end":{"line":99,"column":80}},"type":"if","locations":[{"start":{"line":99,"column":2},"end":{"line":99,"column":80}},{"start":{},"end":{}}],"line":99}},"s":{"0":6,"1":6,"2":6,"3":4,"4":4,"5":4,"6":1,"7":3,"8":6,"9":2,"10":2,"11":2,"12":0,"13":2,"14":6,"15":2,"16":2,"17":2,"18":1,"19":1,"20":6,"21":0,"22":0,"23":0,"24":0,"25":0,"26":6,"27":2,"28":2,"29":1,"30":1,"31":1,"32":0,"33":1,"34":2,"35":2,"36":1,"37":1,"38":6,"39":0,"40":0,"41":0,"42":0,"43":0,"44":0,"45":0,"46":0,"47":0,"48":0,"49":0,"50":0,"51":0,"52":0,"53":6},"f":{"0":4,"1":2,"2":2,"3":0,"4":2,"5":2,"6":1,"7":0,"8":0,"9":0,"10":0},"b":{"0":[1,3],"1":[0,2],"2":[1,1],"3":[0,0],"4":[1,1],"5":[0,1],"6":[1,1],"7":[0,0],"8":[0,0],"9":[0,0],"10":[0,0]},"_coverageSchema":"1a1c01bbd47fc00a2c39e90264f33305004495a9","hash":"7ecb14b25c9ffa42fe710b37c67deda104738bf6"}
,"C:\\Users\\gabot\\code\\week-04\\cse-341-project2\\routes\\clients.js": {"path":"C:\\Users\\gabot\\code\\week-04\\cse-341-project2\\routes\\clients.js","statementMap":{"0":{"start":{"line":1,"column":16},"end":{"line":1,"column":34}},"1":{"start":{"line":2,"column":15},"end":{"line":2,"column":31}},"2":{"start":{"line":3,"column":26},"end":{"line":3,"column":59}},"3":{"start":{"line":4,"column":27},"end":{"line":4,"column":62}},"4":{"start":{"line":6,"column":0},"end":{"line":11,"column":50}},"5":{"start":{"line":13,"column":0},"end":{"line":13,"column":24}}},"fnMap":{},"branchMap":{},"s":{"0":5,"1":5,"2":5,"3":5,"4":5,"5":5},"f":{},"b":{},"_coverageSchema":"1a1c01bbd47fc00a2c39e90264f33305004495a9","hash":"bab57a27e43bed694ae08aa0ad9afed6be6bd4f7"}
,"C:\\Users\\gabot\\code\\week-04\\cse-341-project2\\routes\\deliveries.js": {"path":"C:\\Users\\gabot\\code\\week-04\\cse-341-project2\\routes\\deliveries.js","statementMap":{"0":{"start":{"line":1,"column":16},"end":{"line":1,"column":34}},"1":{"start":{"line":2,"column":15},"end":{"line":2,"column":31}},"2":{"start":{"line":3,"column":29},"end":{"line":3,"column":65}},"3":{"start":{"line":4,"column":29},"end":{"line":4,"column":64}},"4":{"start":{"line":6,"column":0},"end":{"line":12,"column":55}},"5":{"start":{"line":14,"column":0},"end":{"line":14,"column":24}}},"fnMap":{},"branchMap":{},"s":{"0":5,"1":5,"2":5,"3":5,"4":5,"5":5},"f":{},"b":{},"_coverageSchema":"1a1c01bbd47fc00a2c39e90264f33305004495a9","hash":"2630a6dce453c8280d3779e7c3e6c42dc693301d"}
,"C:\\Users\\gabot\\code\\week-04\\cse-341-project2\\routes\\index.js": {"path":"C:\\Users\\gabot\\code\\week-04\\cse-341-project2\\routes\\index.js","statementMap":{"0":{"start":{"line":1,"column":15},"end":{"line":1,"column":42}},"1":{"start":{"line":2,"column":18},"end":{"line":2,"column":47}},"2":{"start":{"line":3,"column":24},"end":{"line":3,"column":50}},"3":{"start":{"line":4,"column":17},"end":{"line":4,"column":55}},"4":{"start":{"line":5,"column":26},"end":{"line":5,"column":55}},"5":{"start":{"line":6,"column":24},"end":{"line":6,"column":55}},"6":{"start":{"line":7,"column":44},"end":{"line":7,"column":79}},"7":{"start":{"line":8,"column":11},"end":{"line":8,"column":24}},"8":{"start":{"line":9,"column":13},"end":{"line":9,"column":28}},"9":{"start":{"line":12,"column":0},"end":{"line":12,"column":41}},"10":{"start":{"line":13,"column":0},"end":{"line":13,"column":58}},"11":{"start":{"line":16,"column":0},"end":{"line":25,"column":3}},"12":{"start":{"line":17,"column":19},"end":{"line":17,"column":68}},"13":{"start":{"line":18,"column":2},"end":{"line":24,"column":5}},"14":{"start":{"line":19,"column":4},"end":{"line":22,"column":5}},"15":{"start":{"line":20,"column":6},"end":{"line":20,"column":60}},"16":{"start":{"line":21,"column":6},"end":{"line":21,"column":82}},"17":{"start":{"line":23,"column":4},"end":{"line":23,"column":19}},"18":{"start":{"line":27,"column":0},"end":{"line":27,"column":69}},"19":{"start":{"line":28,"column":0},"end":{"line":28,"column":60}},"20":{"start":{"line":29,"column":0},"end":{"line":29,"column":87}},"21":{"start":{"line":30,"column":0},"end":{"line":36,"column":2}},"22":{"start":{"line":33,"column":18},"end":{"line":33,"column":41}},"23":{"start":{"line":34,"column":4},"end":{"line":34,"column":24}},"24":{"start":{"line":37,"column":0},"end":{"line":39,"column":3}},"25":{"start":{"line":38,"column":2},"end":{"line":38,"column":91}},"26":{"start":{"line":41,"column":0},"end":{"line":41,"column":45}},"27":{"start":{"line":42,"column":0},"end":{"line":42,"column":57}},"28":{"start":{"line":43,"column":0},"end":{"line":43,"column":43}},"29":{"start":{"line":44,"column":0},"end":{"line":44,"column":51}},"30":{"start":{"line":46,"column":0},"end":{"line":48,"column":3}},"31":{"start":{"line":47,"column":2},"end":{"line":47,"column":26}},"32":{"start":{"line":50,"column":0},"end":{"line":50,"column":24}}},"fnMap":{"0":{"name":"(anonymous_0)","decl":{"start":{"line":16,"column":30},"end":{"line":16,"column":31}},"loc":{"start":{"line":16,"column":44},"end":{"line":25,"column":1}},"line":16},"1":{"name":"(anonymous_1)","decl":{"start":{"line":18,"column":32},"end":{"line":18,"column":33}},"loc":{"start":{"line":18,"column":47},"end":{"line":24,"column":3}},"line":18},"2":{"name":"(anonymous_2)","decl":{"start":{"line":32,"column":2},"end":{"line":32,"column":3}},"loc":{"start":{"line":32,"column":16},"end":{"line":35,"column":3}},"line":32},"3":{"name":"(anonymous_3)","decl":{"start":{"line":37,"column":22},"end":{"line":37,"column":23}},"loc":{"start":{"line":37,"column":36},"end":{"line":39,"column":1}},"line":37},"4":{"name":"(anonymous_4)","decl":{"start":{"line":46,"column":16},"end":{"line":46,"column":17}},"loc":{"start":{"line":46,"column":30},"end":{"line":48,"column":1}},"line":46}},"branchMap":{"0":{"loc":{"start":{"line":19,"column":4},"end":{"line":22,"column":5}},"type":"if","locations":[{"start":{"line":19,"column":4},"end":{"line":22,"column":5}},{"start":{},"end":{}}],"line":19}},"s":{"0":5,"1":5,"2":5,"3":5,"4":5,"5":5,"6":5,"7":5,"8":5,"9":5,"10":5,"11":5,"12":0,"13":0,"14":0,"15":0,"16":0,"17":0,"18":5,"19":5,"20":5,"21":5,"22":0,"23":0,"24":5,"25":0,"26":5,"27":5,"28":5,"29":5,"30":5,"31":0,"32":5},"f":{"0":0,"1":0,"2":0,"3":0,"4":0},"b":{"0":[0,0]},"_coverageSchema":"1a1c01bbd47fc00a2c39e90264f33305004495a9","hash":"7fece7104ec56da4675c85d7fa8eef893cd3f52d"}
,"C:\\Users\\gabot\\code\\week-04\\cse-341-project2\\routes\\orders.js": {"path":"C:\\Users\\gabot\\code\\week-04\\cse-341-project2\\routes\\orders.js","statementMap":{"0":{"start":{"line":1,"column":16},"end":{"line":1,"column":34}},"1":{"start":{"line":2,"column":15},"end":{"line":2,"column":31}},"2":{"start":{"line":3,"column":25},"end":{"line":3,"column":57}},"3":{"start":{"line":4,"column":26},"end":{"line":4,"column":61}},"4":{"start":{"line":6,"column":0},"end":{"line":11,"column":48}},"5":{"start":{"line":13,"column":0},"end":{"line":13,"column":24}}},"fnMap":{},"branchMap":{},"s":{"0":5,"1":5,"2":5,"3":5,"4":5,"5":5},"f":{},"b":{},"_coverageSchema":"1a1c01bbd47fc00a2c39e90264f33305004495a9","hash":"24c471fe84c5dcbf8d581446a6f28c0004185820"}
,"C:\\Users\\gabot\\code\\week-04\\cse-341-project2\\routes\\swimmingTools.js": {"path":"C:\\Users\\gabot\\code\\week-04\\cse-341-project2\\routes\\swimmingTools.js","statementMap":{"0":{"start":{"line":1,"column":16},"end":{"line":1,"column":34}},"1":{"start":{"line":2,"column":15},"end":{"line":2,"column":31}},"2":{"start":{"line":3,"column":32},"end":{"line":3,"column":71}},"3":{"start":{"line":4,"column":33},"end":{"line":4,"column":68}},"4":{"start":{"line":6,"column":0},"end":{"line":11,"column":62}},"5":{"start":{"line":13,"column":0},"end":{"line":13,"column":24}}},"fnMap":{},"branchMap":{},"s":{"0":5,"1":5,"2":5,"3":5,"4":5,"5":5},"f":{},"b":{},"_coverageSchema":"1a1c01bbd47fc00a2c39e90264f33305004495a9","hash":"62e619c6091368a562b54bfc401a96f745ba0b45"}
}
