TN:
SF:app.js
FN:13,(anonymous_0)
FNF:1
FNH:1
FNDA:17,(anonymous_0)
DA:2,5
DA:3,5
DA:5,5
DA:6,5
DA:7,5
DA:8,5
DA:10,5
DA:12,5
DA:13,5
DA:14,17
DA:15,17
DA:19,17
DA:20,17
DA:23,5
DA:24,5
DA:26,5
LF:16
LH:16
BRF:0
BRH:0
end_of_record
TN:
SF:controllers\clients.js
FN:4,(anonymous_0)
FN:9,(anonymous_1)
FN:20,(anonymous_2)
FN:40,(anonymous_3)
FN:61,(anonymous_4)
FN:88,(anonymous_5)
FNF:6
FNH:2
FNDA:0,(anonymous_0)
FNDA:1,(anonymous_1)
FNDA:1,(anonymous_2)
FNDA:0,(anonymous_3)
FNDA:0,(anonymous_4)
FNDA:0,(anonymous_5)
DA:1,5
DA:2,5
DA:4,5
DA:5,0
DA:6,0
DA:9,5
DA:10,1
DA:11,1
DA:12,1
DA:13,1
DA:14,1
DA:16,0
DA:20,5
DA:21,1
DA:22,1
DA:23,0
DA:25,1
DA:26,1
DA:29,1
DA:30,1
DA:31,1
DA:33,0
DA:36,0
DA:40,5
DA:41,0
DA:42,0
DA:43,0
DA:45,0
DA:46,0
DA:48,0
DA:49,0
DA:50,0
DA:51,0
DA:52,0
DA:54,0
DA:57,0
DA:61,5
DA:62,0
DA:63,0
DA:64,0
DA:66,0
DA:67,0
DA:68,0
DA:70,0
DA:71,0
DA:73,0
DA:74,0
DA:75,0
DA:78,0
DA:79,0
DA:81,0
DA:84,0
DA:88,5
DA:89,0
DA:90,0
DA:91,0
DA:93,0
DA:94,0
DA:97,0
DA:98,0
DA:100,0
DA:103,0
DA:107,5
LF:63
LH:21
BRDA:22,0,0,0
BRDA:22,0,1,1
BRDA:29,1,0,1
BRDA:29,1,1,0
BRDA:42,2,0,0
BRDA:42,2,1,0
BRDA:42,3,0,0
BRDA:42,3,1,0
BRDA:42,3,2,0
BRDA:45,4,0,0
BRDA:45,4,1,0
BRDA:51,5,0,0
BRDA:51,5,1,0
BRDA:63,6,0,0
BRDA:63,6,1,0
BRDA:67,7,0,0
BRDA:67,7,1,0
BRDA:67,8,0,0
BRDA:67,8,1,0
BRDA:67,8,2,0
BRDA:70,9,0,0
BRDA:70,9,1,0
BRDA:78,10,0,0
BRDA:78,10,1,0
BRDA:90,11,0,0
BRDA:90,11,1,0
BRDA:97,12,0,0
BRDA:97,12,1,0
BRF:28
BRH:2
end_of_record
TN:
SF:controllers\deliveries.js
FN:4,(anonymous_0)
FN:15,(anonymous_1)
FN:36,(anonymous_2)
FN:70,(anonymous_3)
FN:105,(anonymous_4)
FN:124,(anonymous_5)
FNF:6
FNH:3
FNDA:1,(anonymous_0)
FNDA:1,(anonymous_1)
FNDA:0,(anonymous_2)
FNDA:0,(anonymous_3)
FNDA:0,(anonymous_4)
FNDA:1,(anonymous_5)
DA:1,5
DA:2,5
DA:4,5
DA:5,1
DA:6,1
DA:7,1
DA:8,1
DA:9,1
DA:11,0
DA:15,5
DA:16,1
DA:17,1
DA:18,0
DA:20,1
DA:21,1
DA:24,1
DA:25,1
DA:26,1
DA:27,1
DA:29,0
DA:32,0
DA:36,5
DA:37,0
DA:38,0
DA:39,0
DA:41,0
DA:42,0
DA:44,0
DA:45,0
DA:46,0
DA:48,0
DA:56,0
DA:57,0
DA:60,0
DA:61,0
DA:63,0
DA:66,0
DA:70,5
DA:71,0
DA:72,0
DA:73,0
DA:74,0
DA:76,0
DA:77,0
DA:79,0
DA:80,0
DA:81,0
DA:83,0
DA:91,0
DA:92,0
DA:95,0
DA:96,0
DA:98,0
DA:101,0
DA:105,5
DA:106,0
DA:107,0
DA:108,0
DA:110,0
DA:111,0
DA:114,0
DA:115,0
DA:117,0
DA:120,0
DA:124,5
DA:125,1
DA:126,1
DA:160,1
DA:161,1
DA:163,0
DA:167,5
LF:71
LH:26
BRDA:17,0,0,0
BRDA:17,0,1,1
BRDA:25,1,0,1
BRDA:25,1,1,0
BRDA:38,2,0,0
BRDA:38,2,1,0
BRDA:38,3,0,0
BRDA:38,3,1,0
BRDA:38,3,2,0
BRDA:38,3,3,0
BRDA:41,4,0,0
BRDA:41,4,1,0
BRDA:41,5,0,0
BRDA:41,5,1,0
BRDA:45,6,0,0
BRDA:45,6,1,0
BRDA:60,7,0,0
BRDA:60,7,1,0
BRDA:73,8,0,0
BRDA:73,8,1,0
BRDA:76,9,0,0
BRDA:76,9,1,0
BRDA:76,10,0,0
BRDA:76,10,1,0
BRDA:76,10,2,0
BRDA:76,10,3,0
BRDA:80,11,0,0
BRDA:80,11,1,0
BRDA:95,12,0,0
BRDA:95,12,1,0
BRDA:107,13,0,0
BRDA:107,13,1,0
BRDA:114,14,0,0
BRDA:114,14,1,0
BRF:34
BRH:2
end_of_record
TN:
SF:controllers\orders.js
FN:4,(anonymous_0)
FN:15,(anonymous_1)
FN:34,(anonymous_2)
FN:69,(anonymous_3)
FN:111,(anonymous_4)
FNF:5
FNH:3
FNDA:1,(anonymous_0)
FNDA:1,(anonymous_1)
FNDA:1,(anonymous_2)
FNDA:0,(anonymous_3)
FNDA:0,(anonymous_4)
DA:1,5
DA:2,5
DA:4,5
DA:5,1
DA:6,1
DA:7,1
DA:8,1
DA:9,1
DA:11,0
DA:15,5
DA:16,1
DA:17,1
DA:18,0
DA:20,1
DA:21,1
DA:22,1
DA:23,1
DA:24,1
DA:25,1
DA:27,0
DA:30,0
DA:34,5
DA:35,1
DA:37,1
DA:38,0
DA:41,1
DA:42,0
DA:45,1
DA:46,0
DA:49,1
DA:57,1
DA:58,1
DA:59,1
DA:60,1
DA:62,0
DA:65,0
DA:69,5
DA:70,0
DA:71,0
DA:72,0
DA:75,0
DA:77,0
DA:78,0
DA:81,0
DA:82,0
DA:85,0
DA:86,0
DA:89,0
DA:97,0
DA:98,0
DA:101,0
DA:102,0
DA:104,0
DA:107,0
DA:111,5
DA:112,0
DA:113,0
DA:114,0
DA:117,0
DA:118,0
DA:121,0
DA:122,0
DA:124,0
DA:127,0
DA:131,5
LF:65
LH:30
BRDA:17,0,0,0
BRDA:17,0,1,1
BRDA:23,1,0,1
BRDA:23,1,1,0
BRDA:37,2,0,0
BRDA:37,2,1,1
BRDA:37,3,0,1
BRDA:37,3,1,1
BRDA:37,3,2,1
BRDA:41,4,0,0
BRDA:41,4,1,1
BRDA:41,5,0,1
BRDA:41,5,1,1
BRDA:45,6,0,0
BRDA:45,6,1,1
BRDA:45,7,0,1
BRDA:45,7,1,1
BRDA:53,8,0,1
BRDA:53,8,1,1
BRDA:59,9,0,1
BRDA:59,9,1,0
BRDA:71,10,0,0
BRDA:71,10,1,0
BRDA:77,11,0,0
BRDA:77,11,1,0
BRDA:77,12,0,0
BRDA:77,12,1,0
BRDA:77,12,2,0
BRDA:81,13,0,0
BRDA:81,13,1,0
BRDA:81,14,0,0
BRDA:81,14,1,0
BRDA:85,15,0,0
BRDA:85,15,1,0
BRDA:85,16,0,0
BRDA:85,16,1,0
BRDA:93,17,0,0
BRDA:93,17,1,0
BRDA:101,18,0,0
BRDA:101,18,1,0
BRDA:113,19,0,0
BRDA:113,19,1,0
BRDA:121,20,0,0
BRDA:121,20,1,0
BRF:44
BRH:15
end_of_record
TN:
SF:controllers\swimmingTools.js
FN:4,(anonymous_0)
FN:15,(anonymous_1)
FN:34,(anonymous_2)
FN:55,(anonymous_3)
FN:82,(anonymous_4)
FNF:5
FNH:3
FNDA:1,(anonymous_0)
FNDA:1,(anonymous_1)
FNDA:1,(anonymous_2)
FNDA:0,(anonymous_3)
FNDA:0,(anonymous_4)
DA:1,5
DA:2,5
DA:4,5
DA:5,1
DA:6,1
DA:7,1
DA:8,1
DA:9,1
DA:11,0
DA:15,5
DA:16,1
DA:17,1
DA:18,0
DA:20,1
DA:21,1
DA:22,1
DA:23,1
DA:24,1
DA:25,1
DA:27,0
DA:30,0
DA:34,5
DA:35,1
DA:36,1
DA:37,0
DA:39,1
DA:40,0
DA:42,1
DA:43,1
DA:44,1
DA:45,1
DA:46,1
DA:48,0
DA:51,0
DA:55,5
DA:56,0
DA:57,0
DA:58,0
DA:60,0
DA:61,0
DA:62,0
DA:64,0
DA:65,0
DA:67,0
DA:68,0
DA:69,0
DA:72,0
DA:73,0
DA:75,0
DA:78,0
DA:82,5
DA:83,0
DA:84,0
DA:85,0
DA:87,0
DA:88,0
DA:91,0
DA:92,0
DA:94,0
DA:97,0
DA:101,5
LF:61
LH:29
BRDA:17,0,0,0
BRDA:17,0,1,1
BRDA:23,1,0,1
BRDA:23,1,1,0
BRDA:36,2,0,0
BRDA:36,2,1,1
BRDA:36,3,0,1
BRDA:36,3,1,1
BRDA:39,4,0,0
BRDA:39,4,1,1
BRDA:39,5,0,1
BRDA:39,5,1,1
BRDA:45,6,0,1
BRDA:45,6,1,0
BRDA:57,7,0,0
BRDA:57,7,1,0
BRDA:61,8,0,0
BRDA:61,8,1,0
BRDA:61,9,0,0
BRDA:61,9,1,0
BRDA:64,10,0,0
BRDA:64,10,1,0
BRDA:64,11,0,0
BRDA:64,11,1,0
BRDA:72,12,0,0
BRDA:72,12,1,0
BRDA:84,13,0,0
BRDA:84,13,1,0
BRDA:91,14,0,0
BRDA:91,14,1,0
BRF:30
BRH:9
end_of_record
TN:
SF:controllers\users.js
FN:5,(anonymous_0)
FN:30,(anonymous_1)
FNF:2
FNH:2
FNDA:2,(anonymous_0)
FNDA:2,(anonymous_1)
DA:1,5
DA:2,5
DA:3,5
DA:5,5
DA:6,2
DA:7,2
DA:8,0
DA:10,2
DA:11,2
DA:14,2
DA:15,1
DA:17,1
DA:18,1
DA:19,1
DA:22,1
DA:23,1
DA:26,0
DA:30,5
DA:31,2
DA:32,2
DA:33,2
DA:36,2
DA:37,1
DA:39,1
DA:40,1
DA:41,0
DA:43,1
DA:48,1
DA:50,0
DA:54,5
LF:30
LH:26
BRDA:7,0,0,0
BRDA:7,0,1,2
BRDA:7,1,0,2
BRDA:7,1,1,2
BRDA:14,2,0,1
BRDA:14,2,1,1
BRDA:22,3,0,1
BRDA:22,3,1,0
BRDA:36,4,0,1
BRDA:36,4,1,1
BRDA:40,5,0,0
BRDA:40,5,1,1
BRF:12
BRH:9
end_of_record
TN:
SF:data\database.js
FN:5,(anonymous_0)
FN:18,(anonymous_1)
FN:24,(anonymous_2)
FN:31,(anonymous_3)
FN:38,(anonymous_4)
FNF:5
FNH:4
FNDA:5,(anonymous_0)
FNDA:5,(anonymous_1)
FNDA:0,(anonymous_2)
FNDA:53,(anonymous_3)
FNDA:5,(anonymous_4)
DA:1,6
DA:5,6
DA:6,5
DA:7,0
DA:8,0
DA:9,0
DA:11,5
DA:19,5
DA:20,5
DA:21,5
DA:22,5
DA:25,0
DA:26,0
DA:27,0
DA:31,6
DA:32,53
DA:33,0
DA:35,53
DA:38,6
DA:39,5
DA:40,5
DA:41,5
DA:42,5
DA:46,6
LF:24
LH:17
BRDA:6,0,0,0
BRDA:6,0,1,5
BRDA:8,1,0,0
BRDA:8,1,1,0
BRDA:12,2,0,5
BRDA:12,2,1,5
BRDA:21,3,0,0
BRDA:21,3,1,5
BRDA:26,4,0,0
BRDA:26,4,1,0
BRDA:32,5,0,0
BRDA:32,5,1,53
BRDA:39,6,0,5
BRDA:39,6,1,0
BRF:14
BRH:6
end_of_record
TN:
SF:middleware\auth.js
FN:18,(anonymous_0)
FN:40,(anonymous_1)
FN:44,(anonymous_2)
FN:55,(anonymous_3)
FN:63,(anonymous_4)
FN:67,(anonymous_5)
FNF:6
FNH:2
FNDA:0,(anonymous_0)
FNDA:0,(anonymous_1)
FNDA:0,(anonymous_2)
FNDA:0,(anonymous_3)
FNDA:2,(anonymous_4)
FNDA:2,(anonymous_5)
DA:1,6
DA:2,6
DA:3,6
DA:4,6
DA:5,6
DA:8,6
DA:14,6
DA:15,1
DA:17,5
DA:19,0
DA:20,0
DA:21,0
DA:23,0
DA:24,0
DA:30,0
DA:32,0
DA:34,0
DA:40,6
DA:41,0
DA:44,6
DA:45,0
DA:46,0
DA:49,0
DA:51,0
DA:55,6
DA:56,0
DA:63,6
DA:64,2
DA:65,2
DA:67,2
DA:68,2
DA:69,1
DA:70,1
DA:74,6
LF:34
LH:20
BRDA:14,0,0,1
BRDA:14,0,1,5
BRDA:14,1,0,6
BRDA:14,1,1,5
BRDA:14,1,2,5
BRDA:23,2,0,0
BRDA:23,2,1,0
BRDA:26,3,0,0
BRDA:26,3,1,0
BRDA:65,4,0,0
BRDA:65,4,1,2
BRDA:68,5,0,1
BRDA:68,5,1,1
BRF:13
BRH:8
end_of_record
TN:
SF:middleware\errorHandler.js
FN:1,(anonymous_0)
FNF:1
FNH:0
FNDA:0,(anonymous_0)
DA:1,5
DA:2,0
DA:3,0
DA:6,5
LF:4
LH:2
BRF:0
BRH:0
end_of_record
TN:
SF:middleware\validation.js
FN:4,(anonymous_0)
FN:14,(anonymous_1)
FN:24,(anonymous_2)
FN:34,(anonymous_3)
FN:46,(anonymous_4)
FN:48,(anonymous_5)
FN:54,(anonymous_6)
FN:69,(anonymous_7)
FN:71,(anonymous_8)
FN:77,(anonymous_9)
FN:88,(anonymous_10)
FNF:11
FNH:6
FNDA:4,(anonymous_0)
FNDA:2,(anonymous_1)
FNDA:2,(anonymous_2)
FNDA:0,(anonymous_3)
FNDA:2,(anonymous_4)
FNDA:2,(anonymous_5)
FNDA:1,(anonymous_6)
FNDA:0,(anonymous_7)
FNDA:0,(anonymous_8)
FNDA:0,(anonymous_9)
FNDA:0,(anonymous_10)
DA:1,6
DA:2,6
DA:4,6
DA:5,4
DA:9,4
DA:10,4
DA:11,3
DA:14,6
DA:15,2
DA:19,2
DA:20,2
DA:21,2
DA:24,6
DA:25,2
DA:29,2
DA:30,2
DA:31,1
DA:34,6
DA:35,0
DA:41,0
DA:42,0
DA:43,0
DA:46,6
DA:47,2
DA:49,2
DA:50,1
DA:52,1
DA:55,1
DA:56,0
DA:58,1
DA:64,2
DA:65,2
DA:66,1
DA:69,6
DA:70,0
DA:72,0
DA:73,0
DA:75,0
DA:78,0
DA:79,0
DA:81,0
DA:89,0
DA:90,0
DA:92,0
DA:98,0
DA:99,0
DA:100,0
DA:103,6
LF:48
LH:30
BRDA:10,0,0,1
BRDA:10,0,1,3
BRDA:20,1,0,0
BRDA:20,1,1,2
BRDA:30,2,0,1
BRDA:30,2,1,1
BRDA:42,3,0,0
BRDA:42,3,1,0
BRDA:49,4,0,1
BRDA:49,4,1,1
BRDA:55,5,0,0
BRDA:55,5,1,1
BRDA:65,6,0,1
BRDA:65,6,1,1
BRDA:72,7,0,0
BRDA:72,7,1,0
BRDA:78,8,0,0
BRDA:78,8,1,0
BRDA:89,9,0,0
BRDA:89,9,1,0
BRDA:99,10,0,0
BRDA:99,10,1,0
BRF:22
BRH:10
end_of_record
TN:
SF:routes\clients.js
FNF:0
FNH:0
DA:1,5
DA:2,5
DA:3,5
DA:4,5
DA:6,5
DA:13,5
LF:6
LH:6
BRF:0
BRH:0
end_of_record
TN:
SF:routes\deliveries.js
FNF:0
FNH:0
DA:1,5
DA:2,5
DA:3,5
DA:4,5
DA:6,5
DA:14,5
LF:6
LH:6
BRF:0
BRH:0
end_of_record
TN:
SF:routes\index.js
FN:16,(anonymous_0)
FN:18,(anonymous_1)
FN:32,(anonymous_2)
FN:37,(anonymous_3)
FN:46,(anonymous_4)
FNF:5
FNH:0
FNDA:0,(anonymous_0)
FNDA:0,(anonymous_1)
FNDA:0,(anonymous_2)
FNDA:0,(anonymous_3)
FNDA:0,(anonymous_4)
DA:1,5
DA:2,5
DA:3,5
DA:4,5
DA:5,5
DA:6,5
DA:7,5
DA:8,5
DA:9,5
DA:12,5
DA:13,5
DA:16,5
DA:17,0
DA:18,0
DA:19,0
DA:20,0
DA:21,0
DA:23,0
DA:27,5
DA:28,5
DA:29,5
DA:30,5
DA:33,0
DA:34,0
DA:37,5
DA:38,0
DA:41,5
DA:42,5
DA:43,5
DA:44,5
DA:46,5
DA:47,0
DA:50,5
LF:33
LH:23
BRDA:19,0,0,0
BRDA:19,0,1,0
BRF:2
BRH:0
end_of_record
TN:
SF:routes\orders.js
FNF:0
FNH:0
DA:1,5
DA:2,5
DA:3,5
DA:4,5
DA:6,5
DA:13,5
LF:6
LH:6
BRF:0
BRH:0
end_of_record
TN:
SF:routes\swimmingTools.js
FNF:0
FNH:0
DA:1,5
DA:2,5
DA:3,5
DA:4,5
DA:6,5
DA:13,5
LF:6
LH:6
BRF:0
BRH:0
end_of_record
